SF:lib/models/player.dart
DA:12,0
DA:14,0
DA:16,0
DA:18,0
DA:20,0
DA:31,0
DA:33,0
DA:35,0
DA:37,0
DA:44,13
DA:45,26
DA:46,26
DA:85,16
DA:87,1
DA:88,1
DA:89,4
DA:90,4
DA:91,8
DA:92,0
DA:97,1
DA:98,2
DA:99,4
DA:102,1
DA:103,2
DA:105,2
DA:106,3
DA:109,1
DA:110,2
DA:111,3
LF:29
LH:19
end_of_record
SF:lib/models/training.dart
DA:13,0
DA:15,0
DA:17,0
DA:19,0
DA:21,0
DA:23,0
DA:35,0
DA:37,0
DA:39,0
DA:41,0
DA:43,0
DA:54,0
DA:56,0
DA:58,0
DA:60,0
DA:67,6
DA:68,12
DA:69,12
DA:70,6
LF:19
LH:4
end_of_record
SF:lib/screens/training/training_attendance_screen.dart
DA:23,3
DA:26,3
DA:28,3
DA:36,3
DA:38,9
DA:39,9
DA:40,12
DA:42,9
DA:43,3
DA:45,3
DA:46,3
DA:48,3
DA:49,3
DA:50,3
DA:53,0
DA:55,3
DA:57,3
DA:60,3
DA:62,6
DA:67,3
DA:68,3
DA:69,0
DA:70,3
DA:71,3
DA:72,15
DA:75,6
DA:79,3
DA:80,3
DA:81,3
DA:82,3
DA:83,3
DA:84,0
DA:86,0
DA:87,3
DA:89,3
DA:91,3
DA:94,0
DA:95,3
DA:106,3
DA:107,0
DA:114,6
DA:116,3
DA:117,12
DA:118,3
DA:119,3
DA:120,3
DA:126,3
DA:127,3
DA:128,3
DA:131,12
DA:134,3
DA:135,3
DA:137,3
DA:138,3
DA:139,3
DA:140,6
DA:141,12
DA:144,3
DA:145,3
DA:146,3
DA:147,9
DA:148,3
DA:149,3
DA:150,3
DA:153,3
DA:154,9
DA:155,3
DA:156,3
DA:157,3
DA:164,3
DA:165,3
DA:166,3
DA:167,17
DA:168,15
DA:180,0
DA:188,0
DA:189,0
DA:190,0
DA:191,0
DA:195,6
DA:197,3
DA:198,3
DA:199,3
DA:200,3
DA:202,3
DA:207,3
DA:208,9
DA:210,3
DA:211,3
DA:212,1
DA:213,2
DA:214,4
DA:217,3
DA:218,3
DA:220,3
DA:221,3
DA:222,3
DA:224,12
DA:225,3
DA:226,6
DA:234,3
DA:235,3
DA:238,3
DA:239,3
DA:240,3
DA:243,3
DA:244,6
DA:245,12
DA:250,3
DA:258,3
DA:259,3
DA:260,3
DA:261,3
DA:263,3
DA:265,3
DA:266,3
DA:267,3
DA:268,3
DA:270,3
DA:272,3
DA:273,3
DA:275,3
DA:277,3
DA:284,1
DA:286,1
DA:288,0
DA:290,0
DA:292,0
DA:294,0
DA:299,3
DA:301,3
DA:303,3
DA:305,3
DA:307,3
DA:309,3
DA:314,3
DA:316,3
DA:318,3
DA:320,3
DA:322,3
DA:324,3
DA:329,3
DA:331,3
DA:333,3
DA:335,3
DA:337,3
DA:339,3
DA:344,3
DA:346,3
DA:348,1
DA:350,0
DA:352,0
DA:354,0
DA:359,3
DA:361,3
DA:363,1
DA:365,0
DA:367,0
DA:369,0
DA:374,3
DA:376,3
DA:378,2
DA:380,0
DA:382,0
DA:387,3
DA:389,3
DA:391,2
DA:393,0
DA:395,0
DA:400,3
DA:402,3
DA:404,3
DA:406,3
DA:408,3
DA:413,0
DA:414,0
DA:415,0
DA:416,0
DA:417,0
DA:418,0
DA:419,0
DA:421,0
DA:422,0
DA:433,0
DA:434,0
DA:436,0
DA:441,0
DA:442,0
DA:443,0
DA:445,0
DA:447,0
DA:448,0
DA:450,0
DA:452,0
DA:453,0
DA:460,0
DA:461,0
DA:463,0
DA:464,0
DA:465,0
DA:466,0
DA:467,0
DA:468,0
DA:469,0
DA:470,0
DA:474,0
DA:475,0
DA:477,0
DA:478,0
DA:479,0
DA:481,0
DA:483,0
DA:485,0
DA:487,0
DA:492,0
DA:495,0
DA:496,0
DA:497,0
DA:498,0
DA:516,1
DA:517,2
DA:518,1
DA:524,4
DA:526,3
DA:527,1
DA:528,1
DA:530,1
DA:531,3
DA:535,2
DA:537,1
DA:538,0
DA:541,3
DA:542,1
DA:543,2
DA:546,3
DA:547,1
DA:551,1
DA:552,3
DA:563,0
DA:564,0
DA:565,0
DA:566,0
DA:572,1
DA:573,2
DA:574,1
DA:580,0
DA:581,0
DA:583,0
DA:584,0
DA:587,0
DA:589,0
DA:590,0
DA:591,0
DA:593,0
DA:595,0
DA:601,0
LF:256
LH:170
end_of_record
SF:lib/providers/players_provider.dart
DA:13,5
DA:15,3
DA:16,2
DA:21,13
DA:22,1
DA:23,2
DA:24,2
DA:28,21
DA:29,0
DA:30,0
DA:31,0
DA:34,0
DA:38,0
DA:39,0
DA:40,0
DA:43,0
DA:44,0
DA:45,0
DA:46,0
DA:47,0
DA:51,2
DA:52,1
DA:57,2
DA:58,1
DA:63,4
DA:65,1
DA:66,1
DA:67,2
DA:68,2
DA:70,0
DA:74,0
DA:75,0
DA:76,0
DA:77,0
DA:78,0
DA:80,0
DA:84,0
DA:85,0
DA:86,0
DA:87,0
DA:88,0
DA:90,0
DA:94,0
DA:95,0
DA:96,0
DA:97,0
DA:98,0
DA:100,0
LF:48
LH:17
end_of_record
SF:lib/providers/trainings_provider.dart
DA:11,3
DA:12,0
DA:13,0
DA:14,0
DA:18,13
DA:19,2
DA:20,1
DA:21,1
DA:24,0
DA:25,0
DA:26,0
DA:27,0
DA:30,0
DA:31,0
DA:32,0
DA:33,0
DA:34,0
DA:37,0
DA:38,0
DA:43,0
DA:44,0
DA:49,0
DA:51,0
DA:52,0
DA:53,0
DA:54,0
DA:56,0
DA:60,0
DA:61,0
DA:62,0
DA:63,0
DA:64,0
DA:66,0
DA:70,0
DA:71,0
DA:72,0
DA:73,0
DA:74,0
DA:76,0
DA:82,0
LF:40
LH:5
end_of_record
SF:lib/core/result.dart
DA:14,200
DA:16,5
DA:20,5
DA:21,10
DA:23,0
DA:27,10
DA:28,24
DA:29,2
DA:30,4
DA:34,199
DA:39,3
DA:45,5
DA:48,0
DA:49,0
DA:53,2
DA:57,1
DA:61,2
LF:17
LH:14
end_of_record
SF:lib/data/supabase_player_data_source.dart
DA:13,1
DA:14,1
DA:22,0
DA:23,0
DA:25,0
DA:26,0
DA:27,0
DA:30,0
DA:32,0
DA:33,0
DA:36,0
DA:37,0
DA:40,1
DA:41,6
DA:44,0
DA:45,0
DA:51,0
DA:52,0
DA:53,0
DA:54,0
DA:55,0
DA:56,0
DA:63,1
DA:65,2
DA:68,0
DA:76,0
DA:77,0
DA:78,0
DA:79,0
DA:80,0
DA:81,0
DA:82,0
DA:83,0
DA:85,0
DA:86,0
DA:87,0
DA:89,0
DA:90,0
DA:91,0
DA:93,0
DA:94,0
DA:95,0
DA:96,0
DA:97,0
DA:98,0
DA:99,0
DA:100,0
DA:101,0
DA:102,0
DA:103,0
DA:104,0
DA:105,0
DA:106,0
DA:107,0
DA:108,0
DA:110,0
DA:111,0
DA:117,2
DA:118,1
DA:119,1
DA:120,1
DA:121,1
DA:122,2
DA:123,2
DA:124,2
DA:125,1
DA:126,1
DA:127,1
DA:128,1
DA:129,1
DA:130,1
DA:131,1
DA:132,1
DA:133,1
DA:134,1
DA:135,1
DA:136,1
DA:137,1
DA:138,1
DA:139,2
DA:140,2
DA:141,2
DA:143,0
DA:144,0
DA:145,0
DA:146,0
DA:153,0
DA:154,0
LF:88
LH:31
end_of_record
SF:lib/data/supabase_training_data_source.dart
DA:9,0
DA:10,0
DA:15,0
DA:16,0
DA:18,0
DA:19,0
DA:20,0
DA:23,0
DA:25,0
DA:26,0
DA:29,0
DA:30,0
DA:31,0
DA:32,0
DA:33,0
DA:34,0
DA:36,0
DA:37,0
DA:38,0
DA:39,0
DA:40,0
DA:43,0
DA:45,0
DA:47,0
DA:55,0
DA:56,0
DA:57,0
DA:58,0
DA:59,0
DA:60,0
DA:61,0
DA:62,0
DA:63,0
DA:64,0
DA:65,0
DA:66,0
DA:67,0
DA:68,0
DA:69,0
DA:70,0
DA:71,0
DA:72,0
DA:73,0
DA:74,0
DA:78,0
DA:79,0
DA:80,0
DA:81,0
DA:82,0
DA:83,0
DA:84,0
DA:85,0
DA:86,0
DA:87,0
DA:88,0
DA:89,0
DA:90,0
DA:91,0
DA:92,0
DA:93,0
DA:94,0
DA:95,0
DA:96,0
DA:97,0
DA:99,0
DA:100,0
DA:102,0
DA:103,0
DA:104,0
DA:105,0
DA:110,0
DA:111,0
DA:112,0
DA:114,0
DA:115,0
DA:116,0
DA:117,0
DA:119,0
DA:120,0
DA:121,0
LF:80
LH:0
end_of_record
SF:lib/hive/base_hive_cache.dart
DA:14,4
DA:25,4
DA:35,3
DA:36,9
DA:37,6
DA:38,4
DA:39,4
DA:40,2
DA:41,2
DA:44,6
DA:48,3
DA:49,3
DA:50,4
DA:53,4
DA:54,8
DA:55,2
DA:59,4
DA:61,2
DA:62,4
DA:66,2
DA:67,2
DA:68,4
DA:69,8
DA:70,8
DA:75,2
DA:76,2
DA:77,4
DA:78,4
LF:28
LH:28
end_of_record
SF:lib/hive/hive_key_manager.dart
DA:15,5
DA:20,1
DA:21,2
DA:28,5
DA:29,6
DA:31,10
DA:33,2
DA:34,1
DA:38,4
DA:39,12
DA:40,12
DA:41,4
DA:46,0
DA:47,0
DA:48,0
DA:57,1
DA:67,2
DA:69,1
DA:81,0
DA:83,2
DA:85,2
DA:88,0
DA:98,0
DA:99,0
DA:102,0
DA:111,0
DA:112,0
DA:113,0
DA:118,0
DA:127,0
DA:129,0
DA:139,0
DA:143,0
DA:148,0
DA:151,0
DA:156,0
DA:159,0
DA:161,0
DA:164,0
DA:166,0
DA:169,0
DA:174,0
DA:177,0
DA:180,0
DA:183,0
DA:186,0
DA:189,0
DA:192,0
LF:48
LH:17
end_of_record
SF:lib/hive/hive_performance_rating_cache.dart
DA:6,0
DA:7,0
DA:19,0
DA:20,0
DA:21,0
DA:22,0
DA:24,0
DA:26,0
DA:27,0
DA:30,0
DA:31,0
LF:11
LH:0
end_of_record
SF:lib/models/performance_rating.dart
DA:9,0
DA:27,0
DA:28,0
DA:30,0
DA:34,0
DA:38,0
DA:39,0
DA:40,0
DA:41,0
DA:42,0
DA:43,0
DA:44,0
DA:45,0
DA:46,0
DA:48,0
DA:49,0
DA:50,0
DA:51,0
DA:52,0
DA:53,0
DA:54,0
DA:55,0
DA:56,0
DA:57,0
DA:58,0
DA:84,0
DA:85,0
DA:88,0
DA:91,0
DA:93,0
DA:96,0
DA:98,0
DA:99,0
DA:100,0
DA:103,0
DA:104,0
DA:105,0
DA:106,0
DA:108,0
DA:109,0
DA:113,0
DA:114,0
DA:115,0
DA:116,0
DA:117,0
DA:118,0
DA:119,0
DA:120,0
DA:121,0
DA:122,0
DA:123,0
DA:124,0
DA:125,0
DA:126,0
DA:127,0
DA:128,0
DA:129,0
DA:130,0
DA:133,0
DA:152,0
DA:153,0
DA:154,0
DA:155,0
DA:156,0
DA:157,0
DA:158,0
DA:159,0
DA:160,0
DA:161,0
DA:162,0
DA:163,0
DA:164,0
DA:165,0
DA:166,0
DA:167,0
DA:168,0
DA:169,0
LF:77
LH:0
end_of_record
SF:lib/hive/hive_player_cache.dart
DA:10,2
DA:11,2
DA:25,3
DA:28,3
DA:31,0
DA:35,1
DA:36,1
DA:37,1
DA:38,2
DA:41,2
DA:42,2
DA:45,2
DA:46,2
DA:47,2
DA:48,2
DA:49,2
DA:50,1
DA:51,2
DA:52,3
DA:53,3
DA:54,3
DA:55,3
DA:56,2
DA:57,2
DA:58,2
DA:59,2
DA:60,2
DA:61,2
DA:62,2
DA:63,2
DA:64,2
DA:65,2
DA:66,2
DA:67,2
DA:68,1
DA:69,2
DA:70,3
DA:71,0
DA:73,2
DA:74,1
DA:75,1
DA:76,1
DA:77,1
DA:78,2
DA:79,2
DA:80,2
DA:81,1
DA:82,1
DA:83,1
DA:84,1
DA:85,1
DA:86,1
DA:87,1
DA:88,1
DA:89,1
DA:90,1
DA:91,1
DA:92,1
DA:93,1
DA:94,1
DA:95,2
DA:96,2
DA:97,2
DA:99,2
DA:100,4
DA:101,0
DA:104,1
DA:105,1
DA:106,4
DA:107,0
LF:70
LH:66
end_of_record
SF:lib/hive/hive_training_cache.dart
DA:7,1
DA:8,1
DA:22,3
DA:25,3
DA:28,0
DA:31,1
DA:33,2
DA:34,2
DA:37,2
DA:38,2
DA:41,1
DA:42,1
DA:43,2
DA:44,1
DA:45,2
DA:46,2
DA:47,3
DA:48,3
DA:49,3
DA:50,2
DA:51,2
DA:52,2
DA:53,3
DA:54,1
DA:55,2
DA:56,1
DA:57,2
DA:58,1
DA:59,2
DA:60,3
DA:61,2
DA:62,2
DA:63,3
DA:64,0
DA:65,3
DA:66,0
DA:70,2
DA:71,1
DA:72,2
DA:73,1
DA:74,2
DA:75,2
DA:76,2
DA:77,1
DA:78,1
DA:79,1
DA:80,1
DA:81,1
DA:82,1
DA:83,1
DA:84,1
DA:85,1
DA:86,1
DA:87,2
DA:88,2
DA:89,2
DA:91,2
DA:92,4
DA:93,0
DA:95,1
DA:96,1
DA:97,4
DA:98,0
DA:100,2
DA:101,4
DA:102,0
LF:66
LH:60
end_of_record
SF:lib/models/annual_planning/training_period.dart
DA:8,1
DA:11,2
DA:16,2
DA:17,2
DA:18,2
DA:19,2
DA:20,4
DA:26,2
DA:27,2
DA:28,2
DA:29,2
DA:30,4
DA:33,0
DA:38,0
DA:39,0
DA:40,0
DA:41,0
DA:42,0
DA:48,0
DA:49,0
DA:50,0
DA:51,0
DA:52,0
DA:55,0
DA:60,0
DA:61,0
DA:62,0
DA:63,0
DA:64,0
DA:70,0
DA:71,0
DA:72,0
DA:73,0
DA:74,0
DA:77,1
DA:82,1
DA:83,1
DA:84,1
DA:85,1
DA:86,2
DA:92,1
DA:93,1
DA:94,1
DA:95,1
DA:96,2
DA:132,1
DA:133,1
DA:134,2
DA:135,2
DA:136,2
DA:137,2
DA:138,2
DA:139,4
DA:140,0
DA:142,2
DA:143,2
DA:144,2
DA:145,0
DA:147,2
DA:148,0
DA:150,1
DA:151,2
DA:152,2
DA:153,2
DA:154,1
DA:156,2
DA:157,2
DA:158,2
DA:159,2
DA:160,4
DA:161,0
DA:163,2
DA:164,2
DA:165,0
DA:166,2
DA:167,2
DA:168,0
DA:211,0
DA:212,0
DA:218,0
DA:219,0
DA:221,0
DA:225,0
DA:226,0
DA:227,0
DA:228,0
DA:231,0
DA:235,0
DA:237,0
DA:240,0
DA:241,0
DA:243,0
DA:244,0
DA:251,2
DA:253,0
DA:255,6
DA:260,0
DA:261,0
DA:262,0
DA:266,0
DA:267,0
DA:268,0
DA:270,0
DA:274,0
DA:276,0
DA:277,0
DA:278,0
DA:279,0
DA:280,0
DA:281,0
DA:282,0
DA:283,0
DA:284,0
DA:285,0
DA:286,0
DA:287,0
DA:292,0
DA:294,0
DA:296,0
DA:298,0
DA:300,0
DA:302,0
DA:304,0
DA:310,2
DA:311,1
DA:312,1
DA:313,1
DA:314,1
DA:315,2
DA:316,1
DA:317,1
DA:318,1
DA:319,1
DA:320,1
DA:321,1
DA:322,1
DA:323,1
DA:324,1
DA:325,1
DA:326,2
DA:327,2
DA:328,2
DA:332,0
DA:349,0
DA:350,0
DA:351,0
DA:352,0
DA:353,0
DA:354,0
DA:355,0
DA:356,0
DA:357,0
DA:358,0
DA:359,0
DA:360,0
DA:361,0
DA:362,0
DA:363,0
DA:364,0
DA:365,0
DA:366,0
DA:367,0
DA:368,0
DA:369,0
DA:370,0
DA:373,0
DA:374,0
DA:375,0
DA:376,0
DA:377,0
DA:379,0
DA:382,0
DA:383,0
DA:384,0
DA:385,0
DA:386,0
DA:387,0
DA:390,0
DA:392,0
DA:393,0
DA:394,0
DA:395,0
DA:396,0
DA:413,0
DA:415,0
DA:417,0
DA:419,0
DA:421,0
DA:423,0
DA:425,0
DA:430,0
DA:432,0
DA:434,0
DA:436,0
DA:438,0
DA:440,0
DA:442,0
DA:447,0
DA:449,0
DA:451,0
DA:453,0
DA:455,0
DA:457,0
DA:459,0
DA:466,0
DA:468,0
DA:470,0
DA:472,0
DA:474,0
DA:482,2
DA:489,0
DA:490,0
DA:491,0
DA:492,0
DA:493,0
DA:494,0
DA:497,4
DA:499,0
DA:500,0
DA:502,0
DA:509,2
DA:521,4
DA:522,2
DA:523,2
DA:524,2
DA:525,2
DA:528,0
DA:530,0
LF:228
LH:78
end_of_record
SF:lib/models/assessment.dart
DA:9,2
DA:11,2
DA:13,0
DA:15,0
DA:27,0
DA:29,0
DA:31,0
DA:33,0
DA:35,0
DA:42,2
DA:43,4
DA:44,4
DA:45,4
DA:56,1
DA:57,2
DA:58,2
DA:59,2
DA:60,2
DA:63,2
DA:64,2
DA:65,2
DA:66,2
DA:67,2
DA:70,2
DA:71,2
DA:72,2
DA:73,2
DA:74,2
DA:77,2
DA:78,2
DA:79,2
DA:80,2
DA:81,2
DA:94,2
DA:95,20
DA:96,2
DA:97,20
DA:99,2
DA:100,20
DA:101,2
DA:102,20
DA:104,2
DA:105,16
DA:108,2
DA:109,2
DA:110,2
DA:111,2
DA:112,2
DA:113,2
DA:114,2
DA:117,2
DA:118,2
DA:119,2
DA:120,2
DA:121,2
DA:122,2
DA:123,2
DA:126,2
DA:127,2
DA:128,2
DA:129,2
DA:130,2
DA:131,2
DA:132,2
DA:135,2
DA:136,2
DA:137,2
DA:138,2
DA:139,2
DA:140,2
DA:141,2
DA:146,0
DA:147,0
DA:150,0
DA:151,0
DA:175,0
DA:176,0
DA:177,0
DA:180,0
LF:79
LH:64
end_of_record
SF:lib/models/match.dart
DA:13,2
DA:15,2
DA:17,0
DA:29,0
DA:31,0
DA:33,0
DA:35,0
DA:37,0
DA:48,0
DA:50,0
DA:52,0
DA:54,0
DA:67,0
DA:69,0
DA:71,0
DA:73,0
DA:75,0
DA:77,0
DA:84,8
DA:85,16
DA:86,16
DA:87,8
DA:136,0
DA:138,0
DA:139,0
DA:140,0
LF:26
LH:6
end_of_record
SF:lib/models/team.dart
DA:14,0
DA:16,0
DA:18,0
DA:20,0
DA:22,0
DA:24,0
DA:26,0
DA:33,0
DA:34,0
DA:35,0
DA:65,0
DA:67,0
DA:69,0
DA:70,0
DA:71,0
LF:15
LH:0
end_of_record
SF:lib/models/organization.dart
DA:4,4
DA:17,3
DA:19,2
DA:20,1
DA:21,1
DA:22,1
DA:23,1
DA:24,4
DA:25,0
DA:27,1
DA:28,1
DA:29,1
DA:30,1
DA:31,1
DA:32,1
DA:33,2
DA:35,2
DA:36,2
DA:51,1
DA:65,1
DA:66,1
DA:67,1
DA:68,1
DA:69,1
DA:70,1
DA:71,1
DA:72,1
DA:73,1
DA:74,1
DA:75,1
DA:76,1
DA:77,0
DA:80,2
DA:81,1
DA:82,1
DA:83,1
DA:84,2
DA:85,1
DA:86,1
DA:87,1
DA:88,1
DA:89,1
DA:90,2
DA:91,2
DA:92,2
DA:97,44
DA:106,0
DA:107,0
DA:108,0
DA:109,0
DA:110,0
DA:111,0
DA:112,0
DA:113,0
DA:122,0
DA:123,0
DA:124,0
DA:125,0
DA:126,0
DA:127,0
DA:128,0
DA:134,0
DA:136,0
DA:138,0
DA:146,0
DA:158,0
DA:160,0
DA:162,0
DA:164,0
DA:169,0
DA:171,0
DA:173,0
DA:175,0
LF:73
LH:44
end_of_record
SF:lib/models/training_session/player_attendance.dart
DA:8,0
DA:11,0
DA:18,0
DA:19,0
DA:20,0
DA:23,0
DA:30,0
DA:31,0
DA:32,0
DA:35,0
DA:43,0
DA:44,0
DA:45,0
DA:48,0
DA:55,0
DA:56,0
DA:57,0
DA:100,0
DA:101,0
DA:102,0
DA:103,0
DA:104,0
DA:105,0
DA:106,0
DA:107,0
DA:108,0
DA:110,0
DA:111,0
DA:112,0
DA:114,0
DA:115,0
DA:116,0
DA:118,0
DA:119,0
DA:120,0
DA:121,0
DA:122,0
DA:123,0
DA:142,0
DA:143,0
DA:145,0
DA:146,0
DA:148,0
DA:149,0
DA:151,0
DA:152,0
DA:154,0
DA:156,0
DA:157,0
DA:159,0
DA:161,0
DA:163,0
DA:165,0
DA:170,0
DA:172,0
DA:173,0
DA:175,0
DA:177,0
DA:179,0
DA:185,0
DA:186,0
DA:187,0
DA:188,0
DA:189,0
DA:190,0
DA:191,0
DA:192,0
DA:193,0
DA:194,0
DA:195,0
DA:199,0
DA:208,0
DA:209,0
DA:210,0
DA:211,0
DA:212,0
DA:213,0
DA:214,0
DA:215,0
DA:216,0
DA:217,0
DA:218,0
DA:222,0
DA:224,0
DA:225,0
DA:226,0
DA:229,0
DA:231,0
DA:232,0
DA:233,0
DA:234,0
DA:237,0
DA:239,0
DA:240,0
DA:241,0
DA:242,0
DA:245,0
DA:247,0
DA:248,0
DA:249,0
DA:250,0
DA:253,0
DA:254,0
DA:255,0
DA:256,0
DA:258,0
DA:261,0
DA:262,0
DA:263,0
DA:266,0
DA:267,0
LF:111
LH:0
end_of_record
SF:lib/models/training_session/session_phase.dart
DA:8,0
DA:11,0
DA:12,0
DA:13,0
DA:14,0
DA:15,0
DA:16,0
DA:17,0
DA:18,0
DA:21,0
DA:25,0
DA:26,0
DA:27,0
DA:28,0
DA:29,0
DA:30,0
DA:31,0
DA:34,0
DA:38,0
DA:39,0
DA:40,0
DA:41,0
DA:42,0
DA:43,0
DA:44,0
DA:47,0
DA:48,0
DA:49,0
DA:50,0
DA:51,0
DA:52,0
DA:53,0
DA:54,0
DA:57,0
DA:58,0
DA:59,0
DA:60,0
DA:61,0
DA:62,0
DA:63,0
DA:64,0
DA:67,0
DA:68,0
DA:69,0
DA:70,0
DA:71,0
DA:72,0
DA:73,0
DA:74,0
DA:75,0
DA:76,0
DA:77,0
DA:78,0
DA:79,0
DA:80,0
DA:81,0
DA:83,0
DA:84,0
DA:85,0
DA:86,0
DA:87,0
DA:88,0
DA:89,0
DA:90,0
DA:91,0
DA:110,0
DA:111,0
DA:113,0
DA:114,0
DA:116,0
DA:117,0
DA:119,0
DA:120,0
DA:122,0
DA:123,0
DA:125,0
DA:126,0
DA:127,0
DA:130,0
DA:131,0
DA:132,0
DA:133,0
DA:137,0
DA:138,0
DA:139,0
DA:143,0
DA:144,0
DA:145,0
DA:146,0
DA:147,0
DA:152,0
DA:153,0
DA:154,0
DA:155,0
DA:156,0
DA:157,0
DA:158,0
DA:159,0
DA:160,0
DA:161,0
DA:162,0
DA:166,0
DA:175,0
DA:176,0
DA:177,0
DA:178,0
DA:179,0
DA:180,0
DA:181,0
DA:182,0
DA:183,0
DA:184,0
DA:185,0
DA:188,0
DA:190,0
DA:192,0
DA:195,0
DA:196,0
DA:197,0
DA:198,0
DA:199,0
DA:202,0
DA:204,0
LF:123
LH:0
end_of_record
SF:lib/models/training_session/training_session.dart
DA:16,0
DA:19,2
DA:25,4
DA:26,4
DA:29,0
DA:30,0
DA:31,0
DA:32,0
DA:33,0
DA:34,0
DA:35,0
DA:36,0
DA:37,0
DA:38,0
DA:39,0
DA:40,0
DA:41,0
DA:42,0
DA:43,0
DA:44,0
DA:45,0
DA:46,0
DA:47,0
DA:48,0
DA:49,0
DA:50,0
DA:51,0
DA:52,0
DA:53,0
DA:54,0
DA:55,0
DA:101,1
DA:103,2
DA:105,0
DA:107,0
DA:108,0
DA:110,0
DA:114,0
DA:115,0
DA:118,0
DA:119,0
DA:121,0
DA:122,0
DA:125,0
DA:129,0
DA:130,0
DA:133,0
DA:134,0
DA:136,0
DA:137,0
DA:138,0
DA:140,0
DA:144,0
DA:148,0
DA:149,0
DA:150,0
DA:153,0
DA:154,0
DA:156,0
DA:157,0
DA:164,0
DA:166,0
DA:168,0
DA:173,1
DA:175,2
DA:176,3
DA:178,0
DA:181,0
DA:182,0
DA:183,0
DA:184,0
DA:186,0
DA:187,0
DA:188,0
DA:189,0
DA:191,0
DA:193,0
DA:194,0
DA:197,0
DA:198,0
DA:200,0
DA:201,0
DA:204,0
DA:205,0
DA:206,0
DA:207,0
DA:211,0
DA:212,0
DA:213,0
DA:214,0
DA:218,0
DA:219,0
DA:222,0
DA:223,0
DA:227,0
DA:228,0
DA:229,0
DA:230,0
DA:231,0
DA:232,0
DA:233,0
DA:234,0
DA:235,0
DA:236,0
DA:237,0
DA:238,0
DA:239,0
DA:240,0
DA:241,0
DA:242,0
DA:243,0
DA:244,0
DA:245,0
DA:246,0
DA:247,0
DA:248,0
DA:249,0
DA:250,0
DA:251,0
DA:252,0
DA:269,0
DA:293,0
DA:294,0
DA:295,0
DA:296,0
DA:297,0
DA:298,0
DA:299,0
DA:300,0
DA:301,0
DA:302,0
DA:303,0
DA:304,0
DA:305,0
DA:306,0
DA:307,0
DA:308,0
DA:309,0
DA:310,0
DA:311,0
DA:312,0
DA:313,0
DA:314,0
DA:315,0
DA:316,0
DA:317,0
DA:318,0
DA:319,0
DA:320,0
DA:325,0
DA:326,0
DA:327,0
DA:329,0
DA:332,0
DA:333,0
DA:334,0
DA:335,0
DA:336,0
DA:339,0
DA:341,0
LF:160
LH:8
end_of_record
SF:lib/pdf/core/font_cache.dart
DA:10,3
DA:11,9
DA:16,3
DA:17,6
DA:20,3
DA:21,6
DA:24,3
DA:26,6
DA:27,0
DA:30,3
DA:31,3
DA:32,3
LF:12
LH:11
end_of_record
SF:lib/pdf/pdf_assets.dart
DA:6,0
LF:1
LH:0
end_of_record
SF:lib/pdf/core/pdf_theme.dart
DA:6,0
DA:14,2
DA:15,2
DA:17,0
DA:18,0
LF:5
LH:2
end_of_record
SF:lib/pdf/core/pdf_utils.dart
DA:5,0
DA:7,9
DA:9,9
LF:3
LH:2
end_of_record
SF:lib/pdf/generators/match_report_pdf_generator.dart
DA:14,46
DA:16,2
DA:18,4
DA:19,4
DA:22,2
DA:24,2
DA:25,2
DA:28,4
DA:29,2
DA:30,2
DA:31,2
DA:32,2
DA:33,2
DA:35,2
DA:45,2
DA:49,4
DA:52,2
DA:54,2
DA:56,2
DA:58,2
DA:59,2
DA:61,2
DA:64,2
DA:65,2
DA:66,8
DA:67,2
DA:75,2
DA:76,2
DA:77,6
DA:78,8
DA:79,6
DA:80,4
DA:81,4
DA:82,2
DA:84,6
DA:90,2
DA:92,2
DA:94,2
DA:95,2
DA:97,2
DA:102,2
DA:108,2
DA:110,2
DA:111,2
DA:112,2
DA:114,2
DA:115,2
DA:116,2
DA:123,2
DA:125,2
DA:127,2
LF:51
LH:51
end_of_record
SF:lib/pdf/pdf_generator.dart
DA:23,47
DA:30,6
LF:2
LH:2
end_of_record
SF:lib/pdf/generators/player_assessment_pdf_generator.dart
DA:17,46
DA:19,2
DA:21,4
DA:22,4
DA:24,2
DA:26,2
DA:27,2
DA:30,4
DA:31,2
DA:32,2
DA:33,2
DA:34,2
DA:35,2
DA:37,2
DA:41,2
DA:42,2
DA:44,2
DA:48,2
DA:49,2
DA:51,2
DA:55,2
DA:56,2
DA:58,2
DA:62,2
DA:63,2
DA:64,2
DA:65,0
DA:66,0
DA:72,2
DA:78,4
DA:81,2
DA:83,2
DA:85,2
DA:87,2
DA:88,4
DA:89,2
DA:90,2
DA:91,4
DA:92,2
DA:102,2
DA:103,2
DA:104,6
DA:105,6
DA:106,2
DA:108,4
DA:114,2
DA:116,2
DA:118,2
DA:119,2
DA:121,2
DA:128,2
DA:134,2
DA:135,2
DA:136,4
DA:137,2
DA:138,2
DA:140,2
DA:141,2
DA:142,2
DA:145,2
DA:146,4
DA:147,2
DA:152,2
DA:154,2
DA:156,2
DA:157,2
DA:159,2
DA:165,2
DA:166,2
DA:167,2
DA:168,2
DA:178,0
DA:183,0
DA:184,0
DA:185,0
DA:186,0
DA:188,0
DA:189,0
DA:191,0
DA:197,0
DA:198,0
DA:199,0
DA:203,0
DA:205,0
DA:207,0
DA:208,0
DA:210,0
DA:212,0
DA:213,0
DA:214,0
DA:215,0
DA:224,2
DA:230,2
DA:232,2
DA:233,2
DA:234,2
DA:236,2
DA:237,2
DA:238,2
DA:245,2
DA:247,2
DA:249,2
LF:102
LH:80
end_of_record
SF:lib/pdf/generators/training_session_pdf_generator.dart
DA:22,45
DA:24,1
DA:30,3
DA:34,3
DA:38,4
DA:44,1
DA:49,1
DA:56,1
DA:57,1
DA:60,2
DA:61,1
DA:62,1
DA:63,1
DA:64,1
DA:65,1
DA:66,1
DA:67,1
DA:68,1
DA:69,1
DA:70,1
DA:71,1
DA:76,1
DA:83,1
DA:87,2
DA:88,1
DA:90,1
DA:92,1
DA:94,1
DA:96,1
DA:97,1
DA:99,1
DA:100,1
DA:102,1
DA:103,1
DA:105,1
DA:111,1
DA:112,1
DA:121,1
DA:126,1
DA:128,1
DA:130,1
DA:131,2
DA:132,1
DA:141,1
DA:142,1
DA:143,3
DA:151,1
DA:156,2
DA:157,1
DA:159,1
DA:161,1
DA:162,1
DA:164,1
DA:166,1
DA:167,1
DA:168,1
DA:169,1
DA:170,1
DA:171,1
DA:173,1
DA:181,1
DA:182,1
DA:183,1
DA:184,1
DA:185,1
DA:187,1
DA:188,1
DA:192,1
DA:193,1
DA:195,2
DA:197,1
DA:198,3
DA:202,1
DA:203,1
DA:205,1
DA:206,1
DA:207,1
DA:208,1
DA:210,3
DA:212,1
DA:213,1
DA:224,1
DA:231,1
DA:232,0
DA:233,0
DA:236,1
DA:238,1
DA:239,0
DA:240,0
DA:243,1
DA:245,1
DA:247,1
DA:249,1
DA:250,1
DA:252,1
DA:254,1
DA:255,1
DA:256,1
DA:257,1
DA:258,1
DA:259,1
DA:261,1
DA:269,1
DA:270,1
DA:272,1
DA:273,1
DA:274,1
DA:276,1
DA:277,1
DA:282,1
DA:284,1
DA:286,1
DA:287,2
DA:288,1
DA:295,1
DA:296,1
DA:297,0
DA:299,0
DA:300,0
DA:308,1
DA:309,1
DA:310,1
DA:312,1
DA:313,1
DA:318,1
DA:320,1
DA:322,1
DA:323,2
DA:324,1
DA:331,1
DA:332,1
DA:333,0
DA:335,0
DA:336,0
DA:351,1
DA:356,1
DA:358,1
DA:360,1
DA:361,1
DA:363,1
DA:365,1
DA:366,1
DA:367,1
DA:368,1
DA:369,1
DA:370,1
DA:372,1
DA:380,1
DA:381,1
DA:383,1
DA:385,1
DA:386,1
DA:388,1
DA:390,1
DA:391,1
DA:393,1
DA:400,1
DA:405,1
DA:407,1
DA:409,1
DA:410,1
DA:412,1
DA:414,1
DA:415,1
DA:416,1
DA:417,1
DA:418,1
DA:419,1
DA:421,1
DA:429,1
DA:430,2
DA:431,0
DA:432,0
DA:434,0
DA:437,0
DA:438,0
DA:439,0
DA:441,0
DA:442,0
DA:443,0
DA:448,0
DA:449,0
DA:450,0
DA:452,0
DA:453,0
DA:454,0
DA:461,0
DA:462,0
DA:463,0
DA:465,0
DA:466,0
DA:467,0
DA:468,0
DA:473,0
DA:474,0
DA:475,0
DA:476,0
DA:483,0
DA:484,0
DA:485,0
DA:500,1
DA:501,1
DA:503,1
DA:504,2
DA:506,1
DA:508,1
DA:509,1
DA:511,1
DA:512,1
DA:513,4
DA:514,1
DA:516,1
DA:517,4
DA:518,1
DA:522,1
DA:524,1
DA:539,2
DA:540,1
DA:541,1
DA:543,1
DA:545,1
DA:548,1
DA:549,1
DA:554,2
DA:556,1
DA:557,1
DA:559,1
DA:561,1
DA:562,1
DA:566,1
DA:568,1
DA:570,0
DA:572,0
DA:574,0
DA:576,0
DA:578,0
DA:580,0
DA:585,0
DA:587,0
DA:589,0
DA:591,0
DA:593,0
DA:598,0
DA:600,0
DA:602,0
DA:604,0
DA:606,0
DA:608,0
DA:610,0
DA:617,1
DA:619,2
DA:622,0
LF:252
LH:194
end_of_record
SF:lib/providers/auth_provider.dart
DA:9,36
DA:12,4
DA:13,2
DA:14,1
DA:18,0
DA:19,0
DA:20,0
DA:24,3
DA:25,0
DA:30,24
DA:31,12
DA:32,6
DA:36,0
DA:37,0
DA:38,0
DA:43,0
DA:45,0
DA:46,0
DA:51,0
DA:53,0
DA:59,0
DA:61,0
DA:69,0
DA:72,0
DA:73,0
LF:25
LH:8
end_of_record
SF:lib/services/auth_service.dart
DA:6,7
DA:7,12
DA:12,28
DA:15,0
DA:18,0
DA:21,0
DA:24,0
DA:26,0
DA:28,0
DA:31,0
DA:36,0
DA:41,0
DA:46,0
DA:51,0
DA:57,0
DA:63,0
DA:68,1
DA:70,3
DA:72,0
DA:77,0
DA:79,0
DA:81,0
DA:86,7
DA:87,8
DA:88,1
DA:92,0
DA:93,0
DA:94,0
DA:98,0
DA:110,0
DA:113,0
DA:114,0
LF:32
LH:8
end_of_record
SF:lib/providers/pdf/pdf_generators_providers.dart
DA:10,0
DA:11,0
DA:12,0
DA:15,0
DA:16,0
DA:17,0
DA:20,0
DA:21,0
DA:22,0
LF:9
LH:0
end_of_record
SF:lib/providers/performance_ratings_provider.dart
DA:9,0
DA:10,0
DA:11,0
LF:3
LH:0
end_of_record
SF:lib/repositories/local_performance_rating_repository.dart
DA:9,0
DA:10,0
DA:14,0
DA:16,0
DA:18,0
DA:21,0
DA:22,0
DA:23,0
DA:24,0
DA:26,0
DA:28,0
DA:31,0
DA:35,0
DA:40,0
DA:41,0
DA:43,0
DA:47,0
DA:54,0
DA:55,0
DA:56,0
DA:57,0
DA:58,0
DA:61,0
DA:62,0
DA:63,0
DA:65,0
DA:69,0
DA:75,0
DA:76,0
DA:77,0
DA:79,0
DA:82,0
DA:84,0
LF:33
LH:0
end_of_record
SF:lib/repositories/player_repository_impl.dart
DA:20,2
DA:31,2
DA:32,4
DA:33,2
DA:36,3
DA:40,1
DA:43,2
DA:44,2
DA:45,1
DA:47,1
DA:48,3
DA:52,0
DA:55,0
DA:58,0
DA:59,0
DA:60,0
DA:61,0
DA:63,0
DA:65,0
DA:67,0
DA:69,0
DA:73,0
DA:78,0
DA:82,0
DA:84,0
DA:85,0
DA:86,0
DA:87,0
DA:92,1
DA:95,2
DA:96,2
DA:99,0
DA:103,2
DA:106,4
DA:107,0
DA:110,4
DA:114,0
DA:117,0
DA:118,0
DA:121,0
LF:40
LH:17
end_of_record
SF:lib/repositories/training_repository_impl.dart
DA:12,1
DA:21,0
DA:22,0
DA:23,0
DA:26,3
DA:28,1
DA:31,2
DA:32,2
DA:33,1
DA:35,1
DA:36,1
DA:40,0
DA:43,0
DA:45,0
DA:46,0
DA:47,0
DA:48,0
DA:50,0
DA:52,0
DA:54,0
DA:56,0
DA:60,0
DA:65,0
DA:69,1
DA:72,2
DA:73,2
DA:76,0
DA:80,0
DA:83,0
DA:84,0
DA:87,0
DA:91,0
DA:94,0
DA:95,0
DA:98,0
DA:102,1
DA:104,1
DA:105,1
DA:106,1
DA:107,1
DA:108,6
DA:113,1
DA:118,1
DA:119,1
DA:120,2
DA:122,1
DA:123,1
DA:124,4
DA:125,4
DA:127,1
LF:50
LH:26
end_of_record
SF:lib/widgets/common/rating_dialog.dart
DA:14,0
DA:26,0
DA:27,0
DA:44,0
DA:46,0
DA:47,0
DA:50,0
DA:51,0
DA:53,0
DA:54,0
DA:55,0
DA:56,0
DA:57,0
DA:58,0
DA:59,0
DA:61,0
DA:63,0
DA:64,0
DA:65,0
DA:67,0
DA:69,0
DA:71,0
DA:72,0
DA:76,0
DA:77,0
DA:79,0
DA:80,0
DA:81,0
DA:82,0
DA:86,0
DA:88,0
DA:89,0
DA:91,0
DA:92,0
DA:94,0
DA:95,0
DA:96,0
DA:99,0
DA:101,0
DA:102,0
DA:107,0
DA:108,0
DA:111,0
DA:113,0
DA:115,0
DA:116,0
DA:117,0
DA:122,0
DA:123,0
DA:125,0
DA:126,0
DA:127,0
DA:130,0
DA:132,0
DA:133,0
DA:134,0
DA:140,0
DA:141,0
DA:143,0
DA:144,0
DA:145,0
DA:148,0
DA:150,0
DA:151,0
DA:152,0
DA:155,0
DA:157,0
DA:158,0
DA:159,0
DA:165,0
DA:167,0
DA:168,0
DA:169,0
DA:171,0
DA:172,0
DA:174,0
DA:175,0
DA:176,0
DA:178,0
DA:181,0
DA:182,0
DA:193,0
DA:194,0
DA:195,0
DA:198,0
DA:199,0
DA:200,0
LF:87
LH:0
end_of_record
SF:lib/utils/share_pdf_utils.dart
DA:15,0
DA:22,0
DA:23,0
DA:26,0
DA:27,0
DA:28,0
DA:29,0
DA:32,0
DA:33,0
DA:35,0
LF:10
LH:0
end_of_record
SF:lib/services/permission_service.dart
DA:8,2
DA:9,3
DA:12,3
DA:13,3
DA:14,2
DA:15,2
DA:18,1
DA:19,1
DA:20,1
DA:21,1
DA:24,2
DA:25,2
DA:26,1
DA:27,1
DA:28,1
DA:31,1
DA:32,1
DA:33,1
DA:34,1
DA:37,2
DA:38,2
DA:39,1
DA:40,1
DA:43,2
DA:44,2
DA:45,1
DA:46,1
DA:49,3
DA:50,3
DA:52,3
DA:53,3
DA:54,2
DA:58,2
DA:59,2
DA:60,1
DA:61,1
DA:64,1
DA:65,1
DA:66,1
DA:67,1
DA:68,1
DA:71,2
DA:72,2
DA:73,2
DA:74,2
DA:75,2
DA:78,1
DA:79,1
DA:80,1
DA:81,1
DA:82,1
DA:85,18
DA:88,18
DA:91,9
DA:92,18
DA:95,1
DA:99,1
DA:104,1
DA:105,2
DA:114,1
DA:115,0
DA:126,1
DA:127,1
DA:130,1
DA:131,2
DA:140,1
DA:141,2
DA:144,1
DA:145,1
DA:148,1
DA:149,2
DA:152,1
DA:153,0
DA:156,1
DA:157,1
DA:164,0
DA:170,0
DA:172,0
DA:173,0
DA:174,0
DA:175,0
DA:176,0
DA:185,0
DA:186,0
DA:187,0
DA:188,0
DA:190,0
DA:193,0
DA:194,0
DA:195,0
DA:196,0
DA:198,0
DA:199,0
DA:201,0
DA:204,0
DA:205,0
DA:206,0
DA:207,0
DA:209,0
DA:212,0
DA:213,0
DA:215,0
DA:216,0
DA:218,0
DA:219,0
DA:221,0
DA:222,0
DA:224,0
DA:225,0
DA:227,0
DA:228,0
DA:236,0
DA:240,0
DA:243,0
DA:244,0
DA:246,0
DA:247,0
DA:249,0
DA:250,0
DA:251,0
DA:252,0
DA:253,0
DA:255,0
DA:256,0
DA:257,0
DA:258,0
DA:262,0
DA:264,0
DA:265,0
DA:272,0
DA:273,0
DA:280,0
DA:281,0
DA:288,0
DA:289,0
DA:296,0
DA:297,0
DA:304,0
DA:305,0
DA:313,0
LF:140
LH:73
end_of_record
SF:lib/widgets/common/star_rating.dart
DA:5,0
DA:23,0
DA:25,0
DA:26,0
DA:28,0
DA:30,0
DA:32,0
DA:33,0
DA:34,0
DA:35,0
DA:37,0
DA:38,0
DA:39,0
DA:41,0
DA:43,0
DA:45,0
DA:51,0
DA:53,0
DA:54,0
DA:55,0
DA:67,0
DA:81,0
DA:82,0
DA:88,0
DA:90,0
DA:91,0
DA:94,0
DA:96,0
DA:98,0
DA:101,0
DA:102,0
DA:103,0
DA:104,0
DA:105,0
DA:111,0
DA:112,0
DA:113,0
DA:114,0
DA:115,0
DA:116,0
DA:117,0
DA:119,0
LF:42
LH:0
end_of_record
SF:lib/providers/demo_mode_provider.dart
DA:17,2
DA:32,0
DA:40,0
DA:41,0
DA:42,0
DA:43,0
DA:44,0
DA:45,0
DA:46,0
DA:49,2
DA:50,0
DA:51,0
DA:52,0
DA:56,6
DA:59,2
DA:66,6
DA:68,4
DA:73,2
DA:77,2
DA:80,0
DA:81,0
DA:83,0
DA:86,0
DA:91,0
DA:98,0
DA:100,0
DA:104,0
DA:105,0
DA:106,0
DA:107,0
DA:109,0
DA:111,0
DA:113,0
DA:114,0
DA:118,1
DA:119,2
DA:120,2
DA:123,0
DA:124,0
DA:128,1
DA:129,2
DA:130,1
DA:132,1
DA:134,1
DA:136,1
DA:138,1
DA:140,1
DA:147,2
DA:148,2
DA:149,8
DA:152,2
DA:154,2
DA:156,2
DA:158,1
DA:160,1
DA:162,0
DA:164,0
DA:169,0
DA:171,0
DA:173,0
DA:175,0
DA:177,0
DA:179,0
DA:181,0
DA:183,0
DA:190,2
DA:192,4
DA:193,2
DA:198,4
DA:199,2
DA:200,0
DA:204,0
DA:205,0
DA:208,0
DA:209,0
DA:212,0
DA:213,0
DA:214,0
DA:216,0
DA:217,0
LF:80
LH:32
end_of_record
SF:lib/providers/statistics_provider.dart
DA:8,0
DA:9,0
DA:12,3
DA:13,0
DA:14,0
DA:15,0
LF:6
LH:1
end_of_record
SF:lib/screens/dashboard/dashboard_screen.dart
DA:29,4
DA:30,1
DA:33,4
DA:34,2
DA:35,1
DA:36,0
DA:41,2
DA:42,1
DA:45,1
DA:47,1
DA:49,2
DA:50,2
DA:51,2
DA:52,2
DA:55,2
DA:56,2
DA:57,2
DA:60,1
DA:61,4
DA:63,0
DA:66,1
DA:67,1
DA:68,2
DA:69,3
DA:70,2
DA:72,1
DA:73,1
DA:74,0
DA:75,2
DA:77,1
DA:79,1
DA:84,1
DA:85,0
DA:86,0
DA:87,1
DA:91,0
DA:92,0
DA:97,1
DA:101,2
DA:113,1
DA:114,1
DA:116,1
DA:118,1
DA:125,1
DA:134,1
DA:136,1
DA:138,2
DA:139,1
DA:141,1
DA:143,1
DA:149,1
DA:151,0
DA:152,0
DA:154,0
DA:162,2
DA:163,1
DA:168,1
DA:170,1
DA:172,1
DA:173,1
DA:174,1
DA:176,1
DA:177,1
DA:179,3
DA:182,1
DA:183,1
DA:184,0
DA:185,0
DA:191,1
DA:192,1
DA:194,1
DA:195,1
DA:197,3
DA:200,1
DA:201,0
DA:202,1
DA:203,0
DA:204,0
DA:213,1
DA:220,2
DA:221,1
DA:223,1
DA:225,1
DA:226,1
DA:227,3
DA:229,1
DA:236,1
DA:237,1
DA:241,0
DA:243,1
DA:247,0
DA:256,2
DA:257,1
DA:259,1
DA:261,1
DA:262,1
DA:264,3
DA:267,1
DA:268,1
DA:269,1
DA:270,1
DA:273,2
DA:279,1
DA:280,1
DA:283,2
DA:295,0
DA:296,0
DA:298,0
DA:300,0
DA:301,0
DA:303,0
DA:306,0
DA:311,0
DA:318,1
DA:323,1
DA:324,1
DA:326,1
DA:328,1
DA:329,1
DA:331,3
DA:334,1
DA:335,1
DA:336,0
DA:337,0
DA:339,0
DA:340,0
DA:341,0
DA:343,0
DA:344,0
DA:345,0
DA:349,0
DA:357,0
DA:362,0
DA:368,1
DA:374,1
DA:375,1
DA:377,1
DA:378,1
DA:380,1
DA:381,1
DA:382,1
DA:384,1
DA:385,1
DA:397,2
DA:398,1
DA:400,1
DA:402,1
DA:403,1
DA:404,1
DA:405,3
DA:407,1
DA:409,3
DA:414,1
DA:415,1
DA:416,1
DA:417,1
DA:421,0
DA:425,1
DA:426,1
DA:430,0
DA:434,1
DA:435,1
DA:439,0
DA:443,1
DA:444,1
DA:448,0
DA:458,0
DA:462,0
DA:463,0
DA:464,0
DA:466,0
DA:467,0
DA:468,0
DA:472,0
DA:473,0
DA:482,0
DA:484,0
DA:485,0
DA:486,0
DA:488,0
DA:489,0
DA:490,0
DA:491,0
DA:492,0
DA:497,0
DA:498,0
DA:499,0
DA:500,0
DA:502,0
DA:504,0
DA:506,0
DA:507,0
DA:508,0
DA:512,0
DA:518,0
DA:522,0
DA:524,0
DA:526,0
DA:528,0
DA:530,0
DA:532,0
DA:534,0
DA:536,0
DA:541,0
DA:543,0
DA:545,0
DA:547,0
DA:549,0
DA:551,0
DA:553,0
DA:555,0
DA:560,0
DA:561,0
DA:562,0
DA:563,0
DA:570,0
DA:572,0
DA:573,0
DA:574,0
DA:575,0
DA:576,0
DA:577,0
DA:580,0
DA:581,0
DA:585,0
DA:586,0
DA:587,0
DA:589,0
DA:590,0
DA:591,0
DA:596,0
DA:600,1
DA:607,1
DA:609,1
DA:611,1
DA:613,1
DA:614,1
DA:616,1
DA:618,1
DA:621,1
DA:622,1
DA:623,1
DA:625,1
DA:627,4
DA:628,4
LF:245
LH:140
end_of_record
SF:lib/config/environment.dart
DA:11,0
DA:84,0
DA:95,0
DA:96,0
DA:97,0
DA:98,0
DA:100,0
DA:101,0
DA:103,0
DA:104,0
DA:111,0
DA:112,0
DA:115,0
DA:116,0
DA:117,0
DA:120,0
DA:121,0
DA:122,0
DA:133,0
DA:134,0
DA:135,0
DA:137,0
DA:145,0
DA:146,0
DA:147,0
DA:148,0
DA:158,0
DA:159,0
DA:170,0
LF:29
LH:0
end_of_record
SF:lib/config/supabase_config.dart
DA:19,0
DA:20,0
DA:21,0
DA:22,0
DA:23,0
DA:29,0
DA:32,0
DA:36,1
DA:39,3
DA:45,6
DA:48,3
DA:51,4
DA:54,0
DA:55,0
DA:56,0
DA:57,0
DA:60,0
DA:61,0
DA:62,0
DA:63,0
DA:64,0
DA:65,0
DA:66,0
DA:67,0
DA:68,0
DA:69,0
DA:71,0
DA:77,0
DA:82,0
DA:85,0
DA:89,0
DA:92,0
DA:93,0
DA:97,0
DA:98,0
DA:102,1
DA:103,1
DA:105,2
DA:120,2
DA:122,1
DA:126,0
DA:127,0
DA:128,0
DA:129,0
DA:134,0
DA:140,0
DA:141,0
DA:146,0
DA:147,0
DA:151,0
DA:153,0
DA:154,0
DA:157,0
DA:158,0
DA:159,0
DA:167,0
DA:171,0
DA:172,0
DA:175,0
DA:176,0
DA:182,0
DA:188,0
DA:191,0
DA:193,0
DA:194,0
DA:195,0
DA:196,0
DA:200,0
DA:202,0
DA:204,0
DA:206,0
DA:214,0
DA:216,0
DA:218,0
DA:220,0
DA:228,0
DA:230,0
DA:232,0
DA:234,0
DA:242,0
DA:246,0
DA:249,0
DA:254,0
DA:255,0
DA:258,0
DA:265,0
DA:271,1
DA:272,4
DA:275,1
DA:276,2
DA:277,1
DA:278,1
DA:279,3
DA:280,1
DA:285,2
LF:95
LH:19
end_of_record
SF:lib/utils/app_logger.dart
DA:13,0
DA:15,3
DA:18,1
DA:19,4
DA:23,1
DA:24,2
DA:27,1
DA:28,2
DA:31,1
DA:32,2
DA:35,1
DA:36,2
DA:39,1
DA:40,2
DA:46,1
DA:48,2
DA:50,2
DA:52,1
DA:53,1
DA:57,4
DA:58,1
DA:63,1
DA:65,1
DA:66,1
DA:68,1
DA:70,1
DA:72,1
DA:74,0
DA:76,0
DA:78,0
LF:30
LH:26
end_of_record
SF:lib/data/supabase_match_data_source.dart
DA:9,1
DA:10,1
DA:16,1
DA:17,3
DA:19,0
DA:20,0
DA:21,0
DA:24,0
DA:26,0
DA:27,0
DA:30,0
DA:31,0
DA:34,0
DA:35,0
DA:38,0
DA:39,0
DA:42,0
DA:43,0
DA:44,0
DA:45,0
DA:46,0
DA:49,0
DA:50,0
DA:52,1
DA:54,1
DA:56,1
DA:64,0
DA:65,0
DA:66,0
DA:67,0
DA:68,0
DA:70,0
DA:71,0
DA:72,0
DA:73,0
DA:75,0
DA:76,0
DA:77,0
DA:79,0
DA:80,0
DA:81,0
DA:83,0
DA:84,0
DA:85,0
DA:86,0
DA:88,0
DA:89,0
DA:94,0
DA:95,0
DA:96,0
DA:97,0
DA:98,0
DA:99,0
DA:100,0
DA:101,0
DA:102,0
DA:103,0
DA:104,0
DA:105,0
DA:107,0
DA:108,0
DA:109,0
DA:110,0
LF:63
LH:7
end_of_record
SF:lib/hive/hive_match_cache.dart
DA:7,1
DA:8,1
DA:20,3
DA:21,0
DA:22,0
DA:25,0
DA:26,0
DA:27,0
DA:28,0
DA:31,0
DA:32,0
DA:35,0
DA:36,0
DA:37,0
DA:38,0
DA:39,0
DA:40,0
DA:41,0
DA:42,0
DA:43,0
DA:44,0
DA:45,0
DA:46,0
DA:47,0
DA:48,0
DA:49,0
DA:53,0
DA:54,0
DA:55,0
DA:56,0
DA:57,0
DA:58,0
DA:59,0
DA:60,0
DA:61,0
DA:62,0
DA:63,0
DA:64,0
DA:66,0
DA:67,0
DA:68,0
DA:71,0
DA:72,0
DA:73,0
DA:74,0
DA:77,0
DA:78,0
DA:79,0
LF:48
LH:3
end_of_record
SF:lib/hive/hive_season_cache.dart
DA:6,1
DA:7,1
DA:19,3
DA:20,0
DA:21,0
DA:23,0
DA:25,0
DA:26,0
DA:29,0
DA:30,0
LF:10
LH:3
end_of_record
SF:lib/models/annual_planning/season_plan.dart
DA:8,1
DA:11,1
DA:17,4
DA:18,1
DA:19,2
DA:20,1
DA:23,4
DA:24,5
DA:27,6
DA:28,3
DA:29,1
DA:32,2
DA:40,1
DA:41,2
DA:44,2
DA:51,2
DA:58,1
DA:59,1
DA:60,1
DA:61,1
DA:65,0
DA:66,0
DA:67,0
DA:68,0
DA:71,0
DA:72,0
DA:73,0
DA:74,0
DA:75,0
DA:77,0
DA:84,0
DA:85,0
DA:87,0
DA:93,0
DA:99,0
DA:100,0
DA:101,0
DA:102,0
DA:105,1
DA:106,1
DA:107,2
DA:108,2
DA:109,2
DA:110,2
DA:111,2
DA:112,4
DA:113,0
DA:115,2
DA:116,2
DA:117,2
DA:118,0
DA:119,2
DA:120,2
DA:121,0
DA:122,2
DA:123,1
DA:125,2
DA:126,2
DA:127,2
DA:128,2
DA:129,2
DA:130,2
DA:131,1
DA:133,2
DA:134,0
DA:136,2
DA:137,0
DA:139,2
DA:140,0
DA:142,2
DA:143,0
DA:145,2
DA:146,1
DA:148,2
DA:149,1
DA:151,2
DA:152,2
DA:153,4
DA:154,0
DA:156,2
DA:157,1
DA:158,2
DA:159,2
DA:160,2
DA:161,2
DA:162,0
DA:163,2
DA:164,2
DA:165,0
DA:225,0
DA:226,0
DA:228,0
DA:229,0
DA:230,0
DA:233,0
DA:234,0
DA:236,0
DA:237,0
DA:238,0
DA:239,0
DA:242,0
DA:243,0
DA:244,0
DA:245,0
DA:247,0
DA:248,0
DA:250,0
DA:254,0
DA:255,0
DA:257,0
DA:258,0
DA:259,0
DA:260,0
DA:265,0
DA:269,0
DA:272,0
DA:274,0
DA:275,0
DA:276,0
DA:277,0
DA:278,0
DA:279,0
DA:280,0
DA:281,0
DA:285,0
DA:286,0
DA:289,0
DA:290,0
DA:291,0
DA:295,0
DA:296,0
DA:297,0
DA:298,0
DA:301,0
DA:305,0
DA:306,0
DA:307,0
DA:308,0
DA:309,0
DA:310,0
DA:311,0
DA:312,0
DA:313,0
DA:315,0
DA:316,0
DA:318,0
DA:319,0
DA:320,0
DA:321,0
DA:322,0
DA:324,0
DA:325,0
DA:326,0
DA:327,0
DA:334,2
DA:335,1
DA:336,1
DA:337,1
DA:338,1
DA:339,2
DA:340,1
DA:341,2
DA:342,2
DA:343,1
DA:344,1
DA:345,1
DA:346,1
DA:347,1
DA:348,1
DA:349,1
DA:350,1
DA:351,1
DA:352,1
DA:353,1
DA:354,1
DA:355,1
DA:356,1
DA:357,2
DA:358,1
DA:359,1
DA:360,1
DA:361,2
DA:362,2
DA:366,0
DA:393,0
DA:394,0
DA:395,0
DA:396,0
DA:397,0
DA:398,0
DA:399,0
DA:400,0
DA:401,0
DA:402,0
DA:403,0
DA:404,0
DA:405,0
DA:406,0
DA:407,0
DA:408,0
DA:409,0
DA:410,0
DA:411,0
DA:412,0
DA:413,0
DA:414,0
DA:415,0
DA:416,0
DA:417,0
DA:418,0
DA:419,0
DA:420,0
DA:421,0
DA:422,0
DA:423,0
DA:427,0
DA:428,0
DA:429,0
DA:430,0
DA:432,0
DA:435,0
DA:436,0
DA:437,0
DA:438,0
DA:439,0
DA:442,0
DA:444,0
DA:454,0
DA:456,0
DA:458,0
DA:460,0
DA:462,0
DA:469,0
DA:471,0
DA:473,0
DA:475,0
DA:477,0
DA:479,0
DA:484,0
DA:486,0
DA:488,0
DA:490,0
DA:492,0
DA:494,0
LF:244
LH:90
end_of_record
SF:lib/hive/hive_statistics_cache.dart
DA:8,0
DA:9,0
DA:21,0
DA:22,0
DA:23,0
DA:25,0
DA:27,0
DA:30,0
LF:8
LH:0
end_of_record
SF:lib/models/annual_planning/periodization_plan.dart
DA:8,1
DA:11,1
DA:12,1
DA:13,1
DA:16,1
DA:17,1
DA:18,1
DA:19,1
DA:20,1
DA:21,1
DA:22,1
DA:25,0
DA:26,0
DA:27,0
DA:30,0
DA:31,0
DA:32,0
DA:33,0
DA:34,0
DA:35,0
DA:36,0
DA:39,1
DA:40,1
DA:41,1
DA:43,1
DA:44,1
DA:45,1
DA:46,1
DA:47,1
DA:48,1
DA:49,1
DA:52,0
DA:53,0
DA:54,0
DA:57,0
DA:58,0
DA:59,0
DA:60,0
DA:61,0
DA:62,0
DA:63,0
DA:66,1
DA:67,1
DA:68,2
DA:69,2
DA:70,2
DA:71,2
DA:72,4
DA:73,0
DA:75,2
DA:76,4
DA:77,0
DA:79,2
DA:80,2
DA:81,2
DA:82,1
DA:83,1
DA:84,2
DA:85,2
DA:86,2
DA:87,2
DA:88,2
DA:89,0
DA:90,2
DA:91,2
DA:92,0
DA:124,0
DA:125,0
DA:128,0
DA:131,0
DA:134,0
DA:135,0
DA:139,0
DA:140,0
DA:143,0
DA:146,0
DA:149,0
DA:150,0
DA:154,1
DA:159,1
DA:160,0
DA:163,0
DA:169,0
DA:171,1
DA:172,0
DA:175,0
DA:176,0
DA:178,1
DA:179,1
DA:182,1
DA:183,1
DA:185,0
DA:186,0
DA:189,0
DA:190,0
DA:192,0
DA:193,0
DA:196,0
DA:197,0
DA:203,2
DA:204,1
DA:205,1
DA:206,1
DA:207,2
DA:208,2
DA:209,1
DA:210,1
DA:211,1
DA:212,1
DA:213,1
DA:214,1
DA:215,1
DA:216,2
DA:217,2
DA:245,0
DA:258,0
DA:259,0
DA:260,0
DA:261,0
DA:262,0
DA:263,0
DA:264,0
DA:265,0
DA:266,0
DA:267,0
DA:268,0
DA:269,0
DA:270,0
DA:271,0
DA:272,0
DA:273,0
DA:274,0
DA:277,0
DA:278,0
DA:279,0
DA:280,0
DA:281,0
DA:283,0
DA:286,0
DA:287,0
DA:288,0
DA:289,0
DA:290,0
DA:291,0
DA:294,0
DA:296,0
DA:297,0
DA:298,0
DA:299,0
DA:300,0
DA:310,0
DA:312,0
DA:314,0
DA:316,0
DA:318,0
DA:320,0
DA:325,0
DA:327,0
DA:329,0
DA:331,0
DA:333,0
DA:335,0
DA:342,0
DA:344,0
DA:346,0
DA:348,0
DA:350,0
DA:352,0
DA:354,0
DA:356,0
DA:361,0
DA:363,0
DA:365,0
DA:367,0
DA:369,0
DA:371,0
DA:373,0
DA:375,0
LF:178
LH:64
end_of_record
SF:lib/providers/matches_provider.dart
DA:11,10
DA:12,1
DA:13,1
DA:14,1
DA:18,13
DA:19,2
DA:20,1
DA:21,1
DA:24,4
DA:25,2
DA:26,1
DA:27,0
DA:30,0
DA:31,0
DA:32,0
DA:33,0
DA:36,0
DA:40,0
DA:41,0
DA:42,0
DA:45,0
DA:46,0
DA:51,0
DA:52,0
DA:57,0
DA:59,0
DA:60,0
DA:61,0
DA:62,0
DA:64,0
DA:68,0
DA:69,0
DA:70,0
DA:71,0
DA:72,0
DA:74,0
DA:78,0
DA:79,0
DA:80,0
DA:81,0
DA:82,0
DA:84,0
LF:42
LH:11
end_of_record
SF:lib/repositories/match_repository_impl.dart
DA:12,3
DA:21,0
DA:22,0
DA:23,0
DA:25,9
DA:27,3
DA:30,6
DA:31,4
DA:32,2
DA:34,3
DA:35,2
DA:39,2
DA:41,2
DA:42,1
DA:43,1
DA:44,7
DA:49,1
DA:51,1
DA:52,1
DA:53,1
DA:54,7
DA:59,0
DA:62,0
DA:63,0
DA:65,0
DA:69,0
DA:74,0
DA:79,1
DA:81,1
DA:82,2
DA:85,0
DA:89,1
DA:91,4
DA:93,0
DA:95,0
DA:97,0
DA:99,0
LF:37
LH:23
end_of_record
SF:lib/providers/organization_provider.dart
DA:10,4
DA:12,2
DA:13,1
DA:14,1
DA:15,1
DA:19,1
DA:20,1
DA:25,2
DA:28,0
DA:32,0
DA:33,0
DA:41,0
DA:42,0
DA:43,0
DA:47,0
DA:48,0
DA:49,0
DA:53,0
DA:54,0
DA:55,0
DA:56,0
DA:59,0
DA:60,0
DA:61,0
DA:62,0
DA:66,0
DA:67,0
DA:68,0
DA:69,0
DA:72,0
DA:73,0
DA:74,0
DA:75,0
DA:78,0
DA:79,0
DA:80,0
DA:81,0
LF:37
LH:8
end_of_record
SF:lib/repositories/local_statistics_repository.dart
DA:7,0
DA:8,0
DA:12,0
DA:15,0
DA:16,0
DA:18,0
LF:6
LH:0
end_of_record
SF:lib/providers/training_sessions_repo_provider.dart
DA:9,4
DA:12,1
DA:15,0
DA:18,0
DA:19,0
DA:20,0
DA:23,4
DA:26,2
DA:27,0
DA:28,0
LF:10
LH:4
end_of_record
SF:lib/repositories/supabase_training_session_repository.dart
DA:17,1
DA:18,1
DA:24,0
DA:27,0
DA:29,0
DA:30,0
DA:31,0
DA:33,0
DA:37,0
DA:40,0
DA:41,0
DA:42,0
DA:43,0
DA:44,0
DA:45,0
DA:46,0
DA:49,0
DA:50,0
DA:51,0
DA:53,0
DA:57,0
DA:60,0
DA:61,0
DA:64,0
LF:24
LH:2
end_of_record
SF:lib/repositories/local_season_repository.dart
DA:8,1
DA:9,1
DA:13,0
DA:16,0
DA:17,0
DA:19,0
DA:23,1
DA:26,2
DA:27,0
DA:30,0
DA:31,0
DA:33,0
DA:35,0
DA:38,0
LF:14
LH:4
end_of_record
SF:lib/widgets/common/quick_actions_widget.dart
DA:9,17
DA:11,1
DA:14,1
DA:15,1
DA:16,1
DA:17,1
DA:19,1
DA:20,1
DA:22,1
DA:24,1
DA:25,1
DA:26,1
DA:27,3
DA:29,1
DA:31,4
DA:35,1
DA:37,1
DA:42,1
DA:44,0
DA:45,1
DA:46,1
DA:48,1
DA:50,1
DA:63,1
DA:70,1
DA:81,1
DA:93,1
DA:99,1
DA:103,0
DA:104,0
DA:108,0
DA:110,0
DA:114,0
DA:118,2
DA:119,1
DA:123,0
DA:125,1
DA:129,0
DA:135,1
DA:136,0
DA:137,0
DA:141,0
DA:143,0
DA:147,0
DA:150,1
DA:151,2
DA:152,1
DA:156,0
DA:158,1
DA:162,0
DA:167,0
DA:168,0
DA:172,0
DA:174,0
DA:178,0
DA:184,2
DA:185,0
DA:186,0
DA:190,0
DA:196,1
DA:197,3
DA:198,1
DA:201,1
DA:216,1
DA:221,0
DA:232,1
DA:234,1
DA:235,1
DA:236,1
DA:237,1
DA:238,1
DA:241,1
DA:242,2
DA:244,1
DA:245,1
DA:246,1
DA:248,1
DA:249,1
DA:251,1
DA:252,1
DA:263,1
DA:265,2
DA:267,1
DA:269,2
DA:270,1
DA:271,1
DA:272,1
DA:273,1
DA:277,0
DA:278,0
DA:280,0
DA:289,0
DA:290,0
DA:291,0
DA:294,0
DA:295,0
DA:307,1
DA:320,1
DA:323,1
DA:324,1
DA:326,1
DA:327,1
DA:328,2
DA:329,1
DA:330,1
DA:331,1
DA:332,1
DA:333,1
DA:334,1
DA:335,3
DA:336,3
DA:340,1
DA:342,1
DA:343,1
DA:344,1
DA:346,2
DA:347,3
DA:350,1
DA:351,1
DA:352,2
DA:353,1
DA:356,2
LF:122
LH:90
end_of_record
SF:lib/widgets/rbac_demo_widget.dart
DA:16,17
DA:18,1
DA:20,2
DA:21,4
DA:23,1
DA:27,1
DA:29,1
DA:31,1
DA:33,1
DA:34,1
DA:35,1
DA:38,1
DA:40,1
DA:42,3
DA:45,1
DA:46,3
DA:47,1
DA:49,1
DA:56,1
DA:58,3
DA:61,1
DA:64,1
DA:65,1
DA:73,1
DA:81,1
DA:89,1
DA:97,1
DA:111,1
DA:112,2
DA:113,3
DA:116,1
DA:121,1
DA:123,3
DA:126,1
DA:133,1
DA:141,4
DA:142,1
DA:144,1
DA:145,0
DA:146,0
DA:147,0
DA:148,0
DA:149,0
DA:154,1
DA:155,1
DA:156,1
DA:157,1
DA:164,1
DA:165,1
DA:167,1
DA:169,1
DA:170,2
DA:171,1
DA:173,1
DA:175,1
DA:176,2
DA:178,1
DA:179,1
DA:180,1
DA:181,1
DA:182,1
DA:186,1
DA:187,1
DA:188,1
DA:189,1
DA:190,1
DA:193,2
DA:203,1
DA:208,1
DA:209,1
DA:211,1
DA:215,1
DA:216,2
DA:217,2
DA:218,2
DA:219,2
DA:220,1
DA:221,1
DA:222,1
DA:223,1
DA:225,2
DA:229,1
DA:233,2
DA:240,1
DA:242,1
DA:244,1
DA:246,1
DA:248,1
DA:250,1
DA:252,1
DA:254,1
DA:256,1
DA:258,1
DA:260,1
DA:262,1
DA:264,1
DA:266,1
DA:268,1
DA:270,1
DA:273,1
DA:275,1
DA:277,1
DA:279,1
DA:281,1
DA:283,1
DA:285,1
DA:287,1
DA:290,1
DA:292,1
DA:296,1
DA:300,1
DA:301,1
DA:305,0
DA:307,1
DA:311,0
DA:313,1
DA:317,0
DA:319,1
DA:323,0
DA:325,1
DA:328,1
DA:329,0
DA:331,1
DA:334,1
DA:335,0
DA:337,1
DA:340,1
DA:341,0
DA:345,1
DA:347,1
DA:349,1
DA:351,1
DA:353,1
DA:355,0
DA:357,0
DA:364,1
DA:366,1
DA:368,1
DA:370,1
DA:372,1
DA:374,0
DA:376,0
DA:385,18
DA:391,1
LF:144
LH:128
end_of_record
SF:lib/screens/dashboard/widgets/dashboard_app_bar_actions.dart
DA:12,1
DA:16,1
DA:18,1
DA:20,2
DA:21,1
DA:22,1
DA:25,0
DA:30,2
DA:31,1
DA:32,1
DA:35,0
DA:40,1
LF:12
LH:10
end_of_record
SF:lib/screens/dashboard/widgets/welcome_section.dart
DA:8,0
DA:17,0
DA:19,0
DA:20,0
DA:21,0
DA:24,0
DA:26,0
DA:28,0
DA:34,0
DA:35,0
DA:36,0
DA:38,0
DA:39,0
DA:41,0
DA:43,0
DA:44,0
DA:46,0
LF:17
LH:0
end_of_record
SF:lib/screens/dashboard/widgets/dashboard_stats_cards.dart
DA:4,1
DA:8,1
DA:10,1
DA:11,1
DA:12,2
DA:13,2
DA:15,1
DA:22,1
DA:23,1
DA:25,3
DA:29,1
DA:31,3
DA:35,1
DA:37,3
DA:41,1
DA:43,4
DA:55,1
DA:67,1
DA:68,1
DA:70,1
DA:72,1
DA:74,1
DA:75,3
DA:77,1
DA:78,1
DA:79,1
DA:82,1
DA:83,1
DA:84,1
DA:86,1
DA:87,1
DA:88,4
DA:89,4
LF:33
LH:33
end_of_record
SF:lib/screens/dashboard/widgets/performance_chart.dart
DA:5,1
DA:9,1
DA:11,2
DA:12,2
DA:13,2
DA:14,2
DA:16,1
DA:17,1
DA:18,1
DA:26,0
DA:27,0
DA:30,0
DA:32,0
DA:33,0
DA:35,0
DA:38,0
DA:39,0
DA:40,0
DA:41,0
DA:42,0
DA:43,0
DA:44,0
DA:45,0
DA:46,0
DA:47,0
DA:51,0
DA:52,0
DA:53,0
DA:57,0
DA:58,0
DA:59,0
DA:70,0
DA:73,0
DA:74,0
DA:76,0
DA:78,0
DA:80,0
DA:82,0
DA:85,0
DA:86,0
DA:87,0
DA:99,0
DA:100,0
DA:101,0
DA:103,0
LF:45
LH:9
end_of_record
SF:lib/screens/matches/match_detail_screen.dart
DA:20,3
DA:23,3
DA:24,3
DA:36,3
DA:37,9
DA:38,3
DA:41,3
DA:43,3
DA:44,6
DA:45,6
DA:48,3
DA:50,6
DA:51,6
DA:52,3
DA:55,3
DA:57,9
DA:58,9
DA:60,3
DA:61,3
DA:63,3
DA:64,6
DA:65,3
DA:67,0
DA:68,0
DA:71,3
DA:74,3
DA:76,3
DA:78,3
DA:84,3
DA:85,3
DA:86,0
DA:87,3
DA:88,3
DA:89,15
DA:90,0
DA:91,0
DA:92,0
DA:93,0
DA:94,0
DA:95,0
DA:98,6
DA:103,12
DA:104,0
DA:106,9
DA:107,3
DA:108,0
DA:110,6
DA:111,6
DA:112,0
DA:114,12
DA:115,0
DA:118,3
DA:119,0
DA:120,0
DA:121,6
DA:123,3
DA:124,3
DA:125,3
DA:127,3
DA:128,3
DA:130,3
DA:132,3
DA:134,3
DA:136,6
DA:138,0
DA:141,9
DA:143,3
DA:144,3
DA:145,3
DA:146,3
DA:147,3
DA:148,0
DA:149,0
DA:155,3
DA:156,3
DA:157,1
DA:158,1
DA:176,6
DA:177,3
DA:179,3
DA:181,3
DA:182,3
DA:184,12
DA:187,6
DA:188,3
DA:190,9
DA:192,3
DA:194,6
DA:196,3
DA:197,6
DA:198,9
DA:204,6
DA:206,3
DA:208,3
DA:209,3
DA:211,3
DA:212,3
DA:216,6
DA:221,6
DA:222,3
DA:224,3
DA:226,3
DA:227,15
DA:229,3
DA:230,3
DA:231,3
DA:232,3
DA:233,3
DA:240,12
DA:244,15
DA:246,3
DA:247,3
DA:248,3
DA:249,3
DA:250,3
DA:255,12
DA:265,6
DA:266,3
DA:268,3
DA:270,3
DA:271,3
DA:273,3
DA:274,3
DA:276,12
DA:278,3
DA:279,3
DA:280,0
DA:281,0
DA:283,0
DA:294,6
DA:295,3
DA:297,0
DA:300,0
DA:301,0
DA:302,0
DA:303,0
DA:304,0
DA:305,0
DA:306,0
DA:307,0
DA:308,0
DA:309,0
DA:310,0
DA:311,0
DA:313,0
DA:314,0
DA:315,0
DA:316,0
DA:317,0
DA:320,0
DA:321,0
DA:322,0
DA:324,0
DA:331,6
DA:332,3
DA:334,3
DA:336,3
DA:337,3
DA:339,3
DA:340,3
DA:342,12
DA:344,3
DA:345,3
DA:346,0
DA:347,0
DA:349,0
DA:360,6
DA:361,3
DA:363,0
DA:366,0
DA:367,0
DA:368,0
DA:369,0
DA:370,0
DA:371,0
DA:372,0
DA:373,0
DA:374,0
DA:375,0
DA:376,0
DA:377,0
DA:379,0
DA:380,0
DA:381,0
DA:382,0
DA:383,0
DA:386,0
DA:388,0
DA:395,0
DA:396,0
DA:398,0
DA:400,0
DA:401,0
DA:403,0
DA:404,0
DA:406,0
DA:408,0
DA:409,0
DA:423,0
DA:430,0
DA:432,0
DA:433,0
DA:434,0
DA:435,0
DA:438,0
DA:439,0
DA:440,0
DA:442,0
DA:443,0
DA:444,0
DA:445,0
DA:446,0
DA:447,0
DA:449,0
DA:451,0
DA:452,0
DA:453,0
DA:454,0
DA:458,0
DA:459,0
DA:461,0
DA:463,0
DA:475,0
DA:476,0
DA:477,0
DA:480,0
DA:481,0
DA:482,0
DA:483,0
DA:493,1
DA:494,1
DA:496,2
DA:498,1
DA:500,1
DA:501,1
DA:502,1
DA:503,1
DA:504,1
DA:505,1
DA:517,1
DA:518,1
DA:519,1
DA:520,1
DA:521,1
DA:532,1
DA:533,1
DA:534,0
DA:537,1
DA:538,0
DA:539,0
DA:540,0
DA:549,0
DA:550,0
DA:551,0
DA:552,0
DA:555,0
DA:556,0
DA:557,0
DA:565,0
DA:566,0
DA:569,0
DA:570,0
DA:572,0
DA:573,0
DA:575,0
DA:577,0
DA:579,0
DA:580,0
DA:581,0
DA:582,0
DA:584,0
DA:585,0
DA:587,0
DA:588,0
DA:596,0
DA:597,0
DA:598,0
DA:599,0
DA:607,0
DA:608,0
DA:609,0
DA:610,0
DA:611,0
DA:614,0
DA:616,0
DA:617,0
DA:618,0
DA:619,0
DA:620,0
DA:625,3
DA:627,3
DA:629,0
DA:631,0
DA:633,0
DA:638,3
DA:640,3
DA:642,0
DA:644,0
DA:646,0
DA:648,0
DA:653,0
DA:655,0
DA:657,0
DA:659,0
DA:661,0
DA:666,0
DA:668,0
DA:670,0
DA:672,0
DA:674,0
LF:310
LH:144
end_of_record
SF:lib/hive/hive_profile_cache.dart
DA:12,1
DA:13,0
DA:23,1
DA:24,2
DA:27,2
DA:28,2
DA:29,2
DA:30,2
DA:32,1
DA:35,2
DA:40,1
DA:41,1
DA:44,1
DA:47,2
DA:48,3
DA:49,1
DA:53,1
DA:55,2
DA:59,1
DA:60,1
DA:61,2
DA:62,2
DA:63,3
DA:68,1
DA:69,1
DA:70,1
DA:71,1
LF:27
LH:26
end_of_record
SF:lib/models/profile.dart
DA:2,3
DA:12,2
DA:13,1
DA:14,1
DA:15,1
DA:16,1
DA:17,1
DA:18,2
DA:19,2
DA:30,1
DA:36,1
DA:37,1
DA:38,1
DA:39,0
DA:40,1
DA:41,1
DA:42,1
DA:43,1
DA:46,2
DA:47,1
DA:48,1
DA:49,1
DA:50,1
DA:51,1
DA:52,2
DA:53,2
LF:26
LH:25
end_of_record
SF:lib/providers/field_diagram_provider.dart
DA:20,2
DA:45,1
DA:58,1
DA:59,1
DA:60,1
DA:62,1
DA:63,1
DA:64,1
DA:65,1
DA:67,1
DA:68,1
DA:69,1
DA:70,1
DA:73,3
DA:74,6
DA:91,2
DA:92,2
DA:93,2
DA:94,2
DA:95,4
DA:101,0
DA:102,0
DA:104,0
DA:110,0
DA:111,0
DA:115,0
DA:116,0
DA:119,0
DA:120,0
DA:126,0
DA:127,0
DA:130,0
DA:131,0
DA:137,1
DA:138,3
DA:146,0
DA:147,0
DA:149,0
DA:155,0
DA:156,0
DA:158,0
DA:159,0
DA:164,0
DA:165,0
DA:167,0
DA:172,0
DA:173,0
DA:174,0
DA:175,0
DA:176,0
DA:177,0
DA:178,0
DA:182,0
DA:185,0
DA:189,0
DA:190,0
DA:194,0
DA:196,0
DA:198,0
DA:200,0
DA:202,0
DA:204,0
DA:206,0
DA:211,0
DA:213,0
DA:215,0
DA:216,0
DA:223,0
DA:225,0
DA:226,0
DA:227,0
DA:235,0
DA:236,0
DA:240,0
DA:243,0
DA:244,0
DA:245,0
DA:247,0
DA:248,0
DA:249,0
DA:251,0
DA:252,0
DA:253,0
DA:255,0
DA:256,0
DA:257,0
DA:259,0
DA:260,0
DA:261,0
DA:267,0
DA:271,0
DA:272,0
DA:273,0
DA:275,0
DA:277,0
DA:278,0
DA:279,0
DA:282,0
DA:285,0
DA:286,0
DA:291,0
DA:292,0
DA:295,0
DA:296,0
DA:298,0
DA:299,0
DA:300,0
DA:301,0
DA:303,0
DA:304,0
DA:305,0
DA:307,0
DA:310,0
DA:311,0
DA:313,0
DA:314,0
DA:315,0
DA:316,0
DA:318,0
DA:319,0
DA:320,0
DA:322,0
DA:325,0
DA:326,0
DA:328,0
DA:329,0
DA:330,0
DA:331,0
DA:333,0
DA:334,0
DA:335,0
DA:337,0
DA:340,0
DA:344,1
DA:348,1
DA:349,4
DA:350,0
DA:351,0
DA:352,0
DA:353,0
DA:359,1
DA:360,3
DA:361,3
DA:362,3
DA:363,3
DA:364,3
DA:367,1
DA:371,1
DA:372,2
DA:373,3
DA:374,3
DA:375,3
DA:382,1
DA:383,2
DA:384,3
DA:385,3
DA:386,3
DA:393,1
DA:394,7
DA:395,1
DA:398,2
DA:399,0
DA:402,3
DA:405,2
DA:411,0
DA:417,0
DA:422,0
DA:424,0
DA:474,0
DA:480,0
DA:481,0
DA:482,0
DA:485,0
DA:489,0
DA:491,0
DA:492,0
DA:493,0
DA:496,0
DA:497,0
DA:498,0
DA:509,0
DA:511,0
DA:514,0
DA:515,0
DA:518,0
DA:522,0
DA:524,0
DA:525,0
DA:526,0
DA:529,0
DA:531,0
DA:532,0
DA:534,0
DA:536,0
DA:537,0
DA:539,0
DA:544,0
DA:545,0
DA:546,0
DA:547,0
DA:548,0
DA:550,0
DA:551,0
DA:552,0
DA:558,0
DA:559,0
DA:560,0
DA:561,0
DA:572,0
DA:573,0
DA:574,0
DA:575,0
DA:576,0
DA:577,0
DA:579,0
DA:584,0
DA:585,0
DA:587,0
DA:593,0
DA:595,0
DA:596,0
DA:603,0
DA:605,0
DA:606,0
DA:610,0
DA:615,0
DA:616,0
DA:617,0
DA:620,0
DA:621,0
DA:624,0
DA:625,0
DA:626,0
DA:627,0
DA:628,0
DA:631,0
DA:636,0
DA:640,0
DA:727,2
DA:738,4
DA:739,2
DA:740,4
LF:242
LH:52
end_of_record
SF:lib/widgets/field_diagram/field_diagram_toolbar.dart
DA:12,1
DA:20,1
DA:22,1
DA:26,1
DA:27,1
DA:28,1
DA:29,1
DA:36,1
DA:43,1
DA:50,1
DA:56,4
DA:58,1
DA:61,1
DA:62,1
DA:63,1
DA:64,2
DA:66,1
DA:68,1
DA:69,1
DA:75,1
DA:81,1
DA:87,1
DA:93,1
DA:102,1
DA:103,1
DA:109,1
DA:110,1
DA:116,1
DA:117,1
DA:118,1
DA:119,1
DA:126,1
DA:127,1
DA:128,1
DA:129,1
DA:133,1
DA:140,3
DA:142,1
DA:143,1
DA:144,1
DA:145,1
DA:146,1
DA:147,0
DA:148,1
DA:150,1
DA:151,1
DA:153,1
DA:155,1
DA:158,2
DA:178,1
DA:179,3
DA:180,1
DA:185,1
DA:187,0
DA:189,0
DA:190,0
DA:191,0
DA:195,1
DA:196,1
DA:198,1
DA:199,1
DA:200,3
DA:201,0
DA:202,1
DA:203,3
DA:204,0
DA:207,1
DA:209,1
DA:210,1
DA:213,1
DA:216,1
DA:220,2
DA:224,2
DA:225,1
DA:226,0
DA:227,0
DA:229,0
DA:230,0
DA:231,0
DA:244,0
DA:246,0
DA:247,0
DA:248,0
DA:261,0
DA:263,0
DA:264,0
DA:265,0
DA:268,0
DA:269,0
DA:278,0
DA:280,0
DA:281,0
DA:282,0
DA:299,1
DA:300,3
DA:301,1
DA:307,1
DA:310,0
DA:313,0
DA:316,0
DA:319,0
DA:322,0
DA:325,0
DA:328,0
DA:333,1
DA:334,1
DA:336,1
DA:337,1
DA:338,3
DA:339,0
DA:340,1
DA:341,3
DA:342,0
DA:345,1
DA:347,1
DA:348,1
DA:350,2
DA:355,2
DA:356,1
DA:357,0
DA:442,0
DA:443,0
DA:446,0
DA:447,0
DA:450,1
DA:451,3
DA:452,2
DA:454,1
DA:455,1
DA:456,1
DA:457,1
DA:458,1
DA:459,0
DA:460,1
DA:462,1
DA:463,1
DA:465,1
DA:466,2
DA:468,1
DA:474,0
DA:475,0
DA:478,1
DA:480,1
DA:482,0
DA:484,0
DA:486,0
DA:491,1
DA:493,1
DA:495,0
DA:497,0
DA:499,0
DA:501,0
DA:503,0
DA:505,0
DA:507,0
DA:512,1
DA:514,1
DA:525,0
DA:528,0
DA:530,0
DA:531,0
DA:532,0
DA:538,0
DA:539,0
DA:540,0
DA:541,0
DA:544,0
DA:548,0
DA:553,0
DA:556,0
DA:558,0
DA:559,0
DA:560,0
DA:565,0
DA:566,0
DA:567,0
DA:571,0
DA:576,0
DA:579,0
DA:581,0
DA:582,0
DA:583,0
DA:584,0
DA:586,0
DA:588,0
DA:589,0
DA:590,0
DA:593,0
DA:596,0
LF:189
LH:104
end_of_record
SF:lib/models/training_session/field_diagram.dart
DA:4,2
DA:19,1
DA:20,1
DA:21,0
DA:26,2
DA:27,2
DA:28,6
DA:33,0
DA:34,0
DA:35,0
DA:40,0
DA:44,0
DA:45,0
DA:47,0
DA:52,0
DA:53,0
DA:54,0
DA:55,0
DA:56,0
DA:57,0
DA:60,0
DA:61,0
DA:62,0
DA:63,0
DA:64,0
DA:65,0
DA:66,0
DA:67,0
DA:68,0
DA:69,0
DA:70,0
DA:71,0
DA:72,0
DA:73,0
DA:74,0
DA:75,0
DA:76,0
DA:77,0
DA:78,0
DA:79,0
DA:80,0
DA:81,0
DA:82,0
DA:83,0
DA:84,0
DA:102,0
DA:103,0
DA:104,0
DA:105,0
DA:106,0
DA:107,0
DA:108,0
DA:109,0
DA:110,0
DA:111,0
DA:112,0
DA:113,0
DA:117,1
DA:130,1
DA:131,1
DA:132,1
DA:133,1
DA:134,0
DA:135,0
DA:136,0
DA:137,0
DA:138,0
DA:139,1
DA:140,1
DA:141,1
DA:144,0
DA:145,0
DA:146,0
DA:147,0
DA:151,0
DA:159,0
DA:160,0
DA:161,0
DA:162,0
DA:163,0
DA:164,0
DA:166,0
DA:167,0
DA:175,0
DA:176,0
DA:177,0
DA:178,0
DA:179,0
DA:180,0
DA:183,0
DA:184,0
DA:188,0
DA:196,0
DA:197,0
DA:198,0
DA:199,0
DA:200,0
DA:201,0
DA:202,0
DA:204,0
DA:205,0
DA:213,0
DA:214,0
DA:215,0
DA:216,0
DA:217,0
DA:218,0
DA:223,0
DA:234,0
DA:241,0
DA:243,0
DA:249,0
DA:251,0
DA:252,0
DA:253,0
DA:254,0
DA:255,0
DA:256,0
DA:258,0
DA:259,0
DA:260,0
DA:262,0
DA:263,0
DA:268,0
DA:269,0
DA:270,0
DA:271,0
DA:272,0
DA:273,0
DA:274,0
DA:275,0
DA:276,0
DA:278,0
DA:279,0
DA:280,0
DA:281,0
DA:292,0
DA:293,0
DA:294,0
DA:295,0
DA:296,0
DA:297,0
DA:298,0
DA:299,0
DA:304,0
DA:313,0
DA:314,0
DA:315,0
DA:317,0
DA:318,0
DA:319,0
DA:320,0
DA:329,0
DA:330,0
DA:331,0
DA:332,0
DA:333,0
DA:334,0
DA:335,0
DA:340,0
DA:348,0
DA:349,0
DA:350,0
DA:351,0
DA:352,0
DA:353,0
DA:361,0
DA:362,0
DA:363,0
DA:364,0
DA:365,0
DA:366,0
DA:371,2
DA:373,0
DA:374,0
DA:375,0
DA:380,0
DA:382,0
DA:383,0
DA:385,0
DA:388,0
DA:391,0
DA:392,0
DA:396,2
DA:398,0
DA:399,0
DA:400,0
DA:405,0
DA:407,0
DA:408,0
LF:190
LH:16
end_of_record
SF:lib/widgets/field_diagram/field_painter.dart
DA:17,0
DA:34,0
DA:36,0
DA:39,0
DA:41,0
DA:42,0
DA:46,0
DA:49,0
DA:52,0
DA:55,0
DA:56,0
DA:57,0
DA:58,0
DA:59,0
DA:60,0
DA:61,0
DA:62,0
DA:63,0
DA:64,0
DA:65,0
DA:67,0
DA:72,0
DA:73,0
DA:77,0
DA:80,0
DA:84,0
DA:88,0
DA:89,0
DA:91,0
DA:132,0
DA:133,0
DA:136,0
DA:137,0
DA:138,0
DA:139,0
DA:140,0
DA:144,0
DA:150,0
DA:154,0
DA:155,0
DA:156,0
DA:158,0
DA:161,0
DA:162,0
DA:163,0
DA:164,0
DA:166,0
DA:170,0
DA:171,0
DA:172,0
DA:173,0
DA:174,0
DA:178,0
DA:179,0
DA:180,0
DA:181,0
DA:191,0
DA:192,0
DA:194,0
DA:201,0
DA:207,0
DA:208,0
DA:209,0
DA:210,0
DA:212,0
DA:213,0
DA:214,0
DA:215,0
DA:216,0
DA:218,0
DA:222,0
DA:224,0
DA:225,0
DA:226,0
DA:227,0
DA:228,0
DA:229,0
DA:234,0
DA:235,0
DA:236,0
DA:237,0
DA:241,0
DA:242,0
DA:245,0
DA:246,0
DA:247,0
DA:248,0
DA:249,0
DA:253,0
DA:257,0
DA:258,0
DA:259,0
DA:260,0
DA:263,0
DA:264,0
DA:265,0
DA:266,0
DA:267,0
DA:272,0
DA:273,0
DA:274,0
DA:275,0
DA:276,0
DA:280,0
DA:288,0
DA:289,0
DA:290,0
DA:291,0
DA:294,0
DA:295,0
DA:298,0
DA:299,0
DA:304,0
DA:305,0
DA:311,0
DA:317,0
DA:319,0
DA:320,0
DA:321,0
DA:322,0
DA:323,0
DA:324,0
DA:331,0
DA:332,0
DA:334,0
DA:338,0
DA:344,0
DA:346,0
DA:347,0
DA:348,0
DA:349,0
DA:350,0
DA:353,0
DA:354,0
DA:357,0
DA:358,0
DA:360,0
DA:361,0
DA:363,0
DA:364,0
DA:365,0
DA:366,0
DA:369,0
DA:371,0
DA:373,0
DA:375,0
DA:377,0
DA:379,0
DA:381,0
DA:382,0
DA:383,0
DA:384,0
DA:385,0
DA:388,0
DA:390,0
DA:392,0
DA:394,0
DA:396,0
DA:397,0
DA:398,0
DA:399,0
DA:400,0
DA:403,0
DA:407,0
DA:408,0
DA:409,0
DA:410,0
DA:415,0
DA:416,0
DA:422,0
DA:423,0
DA:424,0
DA:425,0
DA:426,0
DA:428,0
DA:431,0
DA:432,0
DA:433,0
DA:435,0
DA:436,0
DA:437,0
DA:442,0
DA:443,0
DA:445,0
DA:446,0
DA:447,0
DA:448,0
DA:449,0
DA:451,0
DA:452,0
DA:453,0
DA:458,0
DA:459,0
DA:461,0
DA:462,0
DA:463,0
DA:464,0
DA:468,0
DA:471,0
DA:481,0
DA:482,0
DA:483,0
DA:486,0
DA:488,0
DA:489,0
DA:490,0
DA:493,0
DA:497,0
DA:498,0
DA:500,0
DA:501,0
DA:503,0
DA:504,0
DA:505,0
DA:506,0
DA:507,0
DA:508,0
DA:512,0
DA:513,0
DA:516,0
DA:521,0
DA:529,0
DA:530,0
DA:531,0
DA:534,0
DA:536,0
DA:537,0
DA:538,0
DA:541,0
DA:543,0
DA:544,0
DA:546,0
DA:547,0
DA:548,0
DA:551,0
DA:552,0
DA:558,0
DA:564,0
DA:569,0
DA:570,0
DA:573,0
DA:574,0
DA:576,0
DA:577,0
DA:578,0
DA:581,0
DA:583,0
DA:584,0
DA:585,0
DA:588,0
DA:591,0
DA:592,0
DA:595,0
DA:599,0
DA:600,0
DA:602,0
DA:604,0
DA:605,0
DA:608,0
DA:609,0
DA:610,0
DA:612,0
DA:618,0
DA:619,0
DA:623,0
DA:626,0
DA:627,0
DA:628,0
DA:629,0
DA:634,0
DA:635,0
DA:636,0
DA:639,0
DA:640,0
DA:641,0
DA:644,0
DA:645,0
DA:646,0
DA:647,0
DA:648,0
DA:650,0
DA:653,0
DA:655,0
DA:657,0
DA:659,0
DA:661,0
DA:663,0
DA:665,0
DA:670,0
DA:672,0
DA:673,0
DA:676,0
DA:679,0
DA:680,0
DA:682,0
DA:684,0
DA:690,0
DA:692,0
DA:693,0
DA:694,0
DA:695,0
DA:696,0
DA:697,0
DA:698,0
LF:304
LH:0
end_of_record
SF:lib/widgets/field_diagram/painters/background_painter.dart
DA:5,0
DA:7,0
DA:8,0
DA:9,0
DA:16,0
DA:18,0
LF:6
LH:0
end_of_record
SF:lib/widgets/field_diagram/painters/grid_painter.dart
DA:4,0
DA:6,0
DA:7,0
DA:8,0
DA:9,0
DA:11,0
DA:12,0
DA:14,0
DA:15,0
LF:9
LH:0
end_of_record
SF:lib/widgets/field_diagram/painters/pitch_painter.dart
DA:9,0
DA:11,0
DA:12,0
DA:14,0
DA:15,0
DA:16,0
DA:17,0
DA:19,0
DA:20,0
DA:21,0
DA:22,0
DA:23,0
DA:24,0
DA:25,0
DA:26,0
DA:27,0
DA:28,0
DA:29,0
DA:31,0
DA:35,0
DA:36,0
DA:37,0
DA:38,0
DA:39,0
DA:40,0
DA:41,0
DA:42,0
DA:50,0
DA:52,0
DA:54,0
DA:55,0
DA:56,0
DA:60,0
DA:63,0
DA:64,0
DA:65,0
DA:66,0
DA:67,0
DA:72,0
DA:73,0
DA:74,0
DA:75,0
DA:78,0
DA:79,0
DA:80,0
DA:81,0
DA:84,0
DA:85,0
DA:86,0
LF:49
LH:0
end_of_record
SF:lib/widgets/field_diagram/painters/element_painter.dart
DA:13,0
DA:15,0
DA:25,0
DA:26,0
DA:30,0
DA:35,0
DA:36,0
DA:40,0
DA:41,0
DA:45,0
DA:46,0
DA:50,0
DA:55,0
DA:56,0
DA:64,0
DA:70,0
DA:74,0
DA:75,0
DA:76,0
DA:77,0
DA:80,0
DA:81,0
DA:82,0
DA:83,0
DA:84,0
DA:88,0
DA:89,0
DA:90,0
DA:91,0
DA:92,0
DA:96,0
DA:97,0
DA:98,0
DA:99,0
DA:107,0
DA:108,0
DA:110,0
DA:119,0
DA:125,0
DA:126,0
DA:127,0
DA:128,0
DA:130,0
DA:131,0
DA:132,0
DA:133,0
DA:134,0
DA:136,0
DA:140,0
DA:147,0
DA:148,0
DA:149,0
DA:150,0
DA:151,0
DA:154,0
DA:155,0
DA:156,0
DA:157,0
DA:159,0
DA:160,0
DA:163,0
DA:164,0
DA:165,0
DA:166,0
DA:167,0
DA:171,0
DA:179,0
DA:180,0
DA:181,0
DA:182,0
DA:184,0
DA:185,0
DA:186,0
DA:187,0
DA:188,0
DA:193,0
DA:194,0
DA:195,0
DA:196,0
DA:197,0
DA:201,0
DA:209,0
DA:210,0
DA:211,0
DA:212,0
DA:214,0
DA:215,0
DA:218,0
DA:219,0
DA:223,0
DA:224,0
DA:234,0
DA:240,0
DA:241,0
DA:242,0
DA:243,0
DA:244,0
DA:245,0
DA:246,0
DA:251,0
DA:252,0
DA:259,0
DA:265,0
DA:267,0
DA:268,0
DA:269,0
DA:270,0
DA:271,0
DA:273,0
DA:274,0
DA:275,0
DA:276,0
DA:278,0
DA:279,0
DA:280,0
DA:281,0
DA:282,0
DA:284,0
DA:286,0
DA:287,0
DA:289,0
DA:290,0
DA:292,0
DA:293,0
DA:294,0
DA:295,0
DA:296,0
DA:298,0
DA:300,0
DA:301,0
DA:303,0
DA:304,0
DA:305,0
DA:306,0
DA:307,0
DA:309,0
DA:314,0
DA:315,0
DA:316,0
DA:317,0
DA:320,0
DA:321,0
DA:327,0
DA:328,0
DA:329,0
DA:330,0
DA:331,0
DA:332,0
DA:333,0
DA:334,0
DA:335,0
DA:336,0
DA:337,0
DA:338,0
DA:343,0
DA:349,0
DA:350,0
DA:351,0
DA:352,0
DA:353,0
DA:354,0
DA:355,0
DA:356,0
DA:357,0
DA:358,0
DA:359,0
DA:360,0
DA:361,0
DA:363,0
DA:370,0
DA:378,0
DA:379,0
DA:380,0
DA:381,0
DA:382,0
DA:383,0
DA:384,0
DA:386,0
DA:387,0
DA:388,0
DA:389,0
DA:390,0
DA:391,0
DA:396,0
DA:403,0
DA:404,0
DA:405,0
DA:406,0
DA:407,0
DA:408,0
DA:409,0
DA:410,0
DA:411,0
DA:412,0
DA:417,0
DA:423,0
DA:426,0
DA:427,0
DA:428,0
DA:429,0
DA:431,0
DA:432,0
DA:433,0
DA:434,0
DA:435,0
DA:436,0
DA:437,0
DA:438,0
DA:439,0
DA:441,0
DA:442,0
DA:443,0
DA:444,0
DA:445,0
DA:446,0
DA:448,0
DA:452,0
DA:455,0
DA:463,0
DA:465,0
DA:467,0
DA:469,0
DA:470,0
DA:477,0
DA:478,0
DA:479,0
DA:480,0
DA:483,0
DA:485,0
DA:487,0
DA:493,0
DA:495,0
DA:497,0
DA:499,0
DA:501,0
DA:503,0
DA:505,0
LF:237
LH:0
end_of_record
SF:lib/screens/training/training_edit_screen.dart
DA:15,1
DA:19,1
DA:20,1
DA:39,1
DA:41,1
DA:44,2
DA:47,1
DA:49,2
DA:50,1
DA:53,1
DA:54,2
DA:55,5
DA:58,4
DA:59,3
DA:60,5
DA:61,3
DA:62,3
DA:63,3
DA:67,0
DA:68,0
DA:70,0
DA:71,0
DA:72,0
DA:75,0
DA:78,1
DA:79,4
DA:80,3
DA:85,3
DA:88,1
DA:89,2
DA:90,4
DA:91,2
DA:92,2
DA:93,2
DA:94,2
DA:96,3
DA:97,2
DA:98,1
DA:100,1
DA:101,2
DA:102,0
DA:103,0
DA:104,0
DA:107,1
DA:108,1
DA:109,1
DA:110,4
DA:113,4
DA:117,1
DA:119,2
DA:121,0
DA:125,1
DA:127,3
DA:129,1
DA:130,1
DA:131,1
DA:132,1
DA:133,0
DA:134,1
DA:135,1
DA:136,4
DA:139,1
DA:141,1
DA:142,1
DA:143,1
DA:145,1
DA:147,1
DA:148,0
DA:149,1
DA:155,1
DA:156,1
DA:157,2
DA:164,1
DA:165,1
DA:172,1
DA:173,1
DA:174,2
DA:182,1
DA:183,1
DA:184,1
DA:185,1
DA:186,1
DA:192,1
DA:193,2
DA:195,2
DA:198,1
DA:199,0
DA:200,1
DA:204,1
DA:205,1
DA:206,1
DA:212,1
DA:213,2
DA:215,2
DA:218,1
DA:219,0
DA:220,1
DA:226,1
DA:227,1
DA:233,1
DA:234,1
DA:235,3
DA:237,1
DA:238,0
DA:239,1
DA:242,1
DA:245,1
DA:246,2
DA:247,1
LF:109
LH:94
end_of_record
SF:lib/services/organization_service.dart
DA:11,3
DA:12,2
DA:20,2
DA:22,2
DA:25,2
DA:30,2
DA:38,2
DA:39,6
DA:43,2
DA:44,2
DA:56,0
DA:61,0
DA:65,0
DA:66,0
DA:70,0
DA:71,0
DA:76,0
DA:81,0
DA:85,0
DA:86,0
DA:90,0
DA:91,0
DA:95,0
DA:100,1
DA:104,2
DA:106,0
DA:111,2
DA:115,2
DA:116,4
DA:118,0
LF:30
LH:15
end_of_record
SF:lib/services/telemetry_service.dart
DA:13,2
DA:14,1
DA:15,3
DA:21,1
DA:22,1
DA:25,3
DA:26,1
DA:31,0
DA:33,0
DA:34,0
DA:37,0
DA:38,0
DA:42,0
DA:43,0
DA:45,0
DA:49,1
DA:50,1
DA:51,0
DA:52,0
DA:53,0
DA:57,1
DA:62,2
DA:64,0
DA:65,0
DA:67,0
DA:68,0
DA:72,0
DA:73,0
DA:74,0
DA:80,0
DA:85,0
DA:86,0
DA:87,0
DA:92,0
DA:93,0
DA:94,0
DA:95,0
DA:96,0
DA:97,0
DA:100,0
DA:101,0
DA:102,0
DA:103,0
LF:43
LH:11
end_of_record
SF:lib/services/demo_data_service.dart
DA:15,1
DA:17,1
DA:18,0
DA:19,1
DA:20,0
DA:21,0
DA:22,0
DA:23,0
DA:24,0
DA:25,0
DA:26,0
DA:30,1
DA:31,1
DA:32,2
DA:33,1
DA:35,2
DA:36,3
DA:39,1
DA:43,1
DA:44,3
DA:45,3
DA:49,0
DA:50,0
DA:52,0
DA:53,0
DA:57,0
DA:58,0
DA:59,0
DA:61,0
DA:62,0
DA:64,0
DA:65,0
DA:69,0
DA:70,0
DA:71,0
DA:73,0
DA:74,0
DA:75,0
DA:76,0
DA:77,0
DA:81,2
DA:87,1
DA:94,2
DA:95,1
DA:98,2
DA:99,1
DA:100,1
DA:110,1
DA:111,1
DA:114,2
DA:115,1
DA:117,1
DA:118,1
DA:128,1
DA:131,2
DA:132,1
DA:136,0
DA:137,0
DA:148,0
DA:149,0
DA:152,0
DA:153,0
DA:156,1
DA:157,1
DA:170,1
DA:172,2
DA:173,1
DA:175,6
DA:176,2
DA:178,1
DA:179,2
DA:180,2
DA:181,4
DA:182,2
DA:183,1
DA:184,7
DA:185,3
DA:186,3
DA:187,3
DA:188,3
DA:189,3
DA:190,4
DA:191,3
DA:192,1
DA:194,1
DA:200,0
DA:201,0
DA:202,0
DA:203,0
DA:204,0
DA:205,0
DA:206,0
DA:207,0
DA:210,0
DA:211,0
DA:212,0
DA:213,0
DA:214,0
DA:215,0
DA:216,0
DA:217,0
DA:218,0
DA:219,0
DA:224,1
DA:225,1
DA:235,1
DA:236,1
DA:239,2
DA:240,3
DA:241,1
DA:242,2
DA:243,1
DA:244,4
DA:245,2
DA:246,1
DA:247,1
DA:248,2
DA:249,2
DA:250,2
DA:252,1
DA:256,2
DA:257,3
DA:258,1
DA:259,2
DA:260,1
DA:261,5
DA:262,2
DA:263,1
DA:264,1
DA:265,2
DA:267,1
DA:273,1
DA:274,1
DA:275,1
DA:278,2
DA:280,1
DA:281,8
DA:283,1
DA:285,2
DA:286,1
DA:287,1
DA:289,1
DA:299,1
DA:304,1
DA:305,2
DA:306,1
DA:307,1
DA:308,5
DA:309,5
DA:310,1
DA:313,2
DA:314,1
DA:315,1
DA:322,1
DA:323,1
DA:332,0
DA:334,0
DA:335,0
DA:347,1
DA:348,1
DA:375,1
DA:404,5
DA:405,5
DA:407,1
LF:164
LH:110
end_of_record
SF:lib/models/club/club.dart
DA:15,0
DA:17,0
DA:19,0
DA:21,0
DA:23,0
DA:63,2
DA:66,2
DA:68,3
DA:75,0
DA:77,0
DA:79,0
DA:81,0
DA:86,0
DA:88,0
DA:90,0
DA:92,0
DA:124,1
DA:125,1
DA:151,0
DA:153,0
DA:155,0
DA:157,0
DA:159,0
DA:161,0
DA:163,0
DA:165,0
DA:167,0
DA:169,0
DA:171,0
DA:173,0
DA:175,0
DA:177,0
DA:179,0
DA:181,0
DA:186,0
DA:188,0
DA:190,0
DA:192,0
DA:194,0
DA:196,0
DA:198,0
DA:200,0
DA:202,0
DA:204,0
DA:206,0
DA:208,0
DA:210,0
DA:212,0
DA:214,0
DA:216,0
DA:221,0
DA:223,0
DA:225,0
DA:227,0
DA:229,0
DA:231,0
DA:233,0
DA:235,0
DA:237,0
DA:239,0
DA:241,0
DA:243,0
DA:245,0
DA:247,0
DA:249,0
DA:251,0
LF:66
LH:5
end_of_record
SF:lib/models/club/club.g.dart
DA:9,2
DA:10,1
DA:11,1
DA:12,1
DA:13,2
DA:14,2
DA:15,2
DA:16,2
DA:17,1
DA:18,1
DA:19,1
DA:20,1
DA:21,1
DA:22,1
DA:23,1
DA:24,1
DA:25,1
DA:26,1
DA:27,1
DA:28,2
DA:30,1
DA:31,1
DA:32,1
DA:34,1
DA:35,1
DA:36,1
DA:38,1
DA:40,0
DA:41,1
DA:42,1
DA:45,1
DA:46,1
DA:47,1
DA:48,1
DA:49,1
DA:50,2
DA:51,1
DA:52,2
DA:53,2
DA:54,1
DA:55,1
DA:56,1
DA:57,1
DA:58,1
DA:59,1
DA:60,1
DA:61,1
DA:62,1
DA:63,1
DA:64,1
DA:65,2
DA:66,1
DA:67,1
DA:68,1
DA:69,1
DA:70,1
DA:86,1
DA:87,1
DA:88,1
DA:89,1
DA:90,1
DA:91,1
DA:92,1
DA:94,1
DA:96,1
DA:97,1
DA:99,1
DA:100,1
DA:101,1
DA:102,1
DA:103,1
DA:105,2
DA:107,2
DA:108,2
DA:111,1
DA:112,1
DA:113,1
DA:114,1
DA:115,1
DA:116,1
DA:117,1
DA:118,1
DA:119,1
DA:120,1
DA:121,1
DA:122,1
DA:123,1
DA:124,1
DA:125,1
DA:126,1
DA:127,1
DA:128,1
LF:92
LH:91
end_of_record
SF:lib/models/club/staff_member.dart
DA:54,0
DA:55,0
DA:89,0
DA:90,0
DA:104,0
DA:105,0
DA:121,0
DA:122,0
DA:137,0
DA:138,0
DA:173,0
DA:175,0
DA:177,0
DA:179,0
DA:181,0
DA:183,0
DA:185,0
DA:187,0
DA:189,0
DA:191,0
DA:193,0
DA:195,0
DA:197,0
DA:199,0
DA:201,0
DA:203,0
DA:205,0
DA:207,0
DA:209,0
DA:211,0
DA:213,0
DA:218,0
DA:220,0
DA:221,0
DA:222,0
DA:223,0
DA:228,0
DA:229,0
DA:230,0
DA:231,0
DA:233,0
DA:237,0
DA:239,0
DA:240,0
DA:242,0
DA:244,0
DA:246,0
DA:247,0
DA:248,0
DA:250,0
DA:252,0
DA:254,0
DA:255,0
LF:53
LH:0
end_of_record
SF:lib/models/club/staff_member.g.dart
DA:9,0
DA:10,0
DA:11,0
DA:12,0
DA:13,0
DA:14,0
DA:15,0
DA:16,0
DA:17,0
DA:18,0
DA:19,0
DA:20,0
DA:21,0
DA:22,0
DA:23,0
DA:24,0
DA:25,0
DA:26,0
DA:27,0
DA:28,0
DA:29,0
DA:30,0
DA:31,0
DA:32,0
DA:33,0
DA:34,0
DA:36,0
DA:37,0
DA:39,0
DA:40,0
DA:42,0
DA:43,0
DA:44,0
DA:45,0
DA:47,0
DA:48,0
DA:49,0
DA:51,0
DA:52,0
DA:53,0
DA:55,0
DA:56,0
DA:57,0
DA:59,0
DA:60,0
DA:62,0
DA:63,0
DA:64,0
DA:66,0
DA:67,0
DA:68,0
DA:70,0
DA:71,0
DA:72,0
DA:75,0
DA:76,0
DA:77,0
DA:78,0
DA:79,0
DA:80,0
DA:81,0
DA:82,0
DA:83,0
DA:84,0
DA:85,0
DA:86,0
DA:87,0
DA:88,0
DA:89,0
DA:90,0
DA:91,0
DA:92,0
DA:93,0
DA:94,0
DA:95,0
DA:97,0
DA:98,0
DA:99,0
DA:100,0
DA:101,0
DA:102,0
DA:103,0
DA:104,0
DA:105,0
DA:106,0
DA:107,0
DA:109,0
DA:110,0
DA:111,0
DA:112,0
DA:113,0
DA:147,0
DA:149,0
DA:150,0
DA:151,0
DA:152,0
DA:153,0
DA:154,0
DA:155,0
DA:156,0
DA:157,0
DA:158,0
DA:159,0
DA:160,0
DA:161,0
DA:162,0
DA:163,0
DA:164,0
DA:165,0
DA:166,0
DA:167,0
DA:168,0
DA:169,0
DA:170,0
DA:173,0
DA:175,0
DA:176,0
DA:177,0
DA:178,0
DA:179,0
DA:180,0
DA:181,0
DA:182,0
DA:183,0
DA:184,0
DA:185,0
DA:186,0
DA:187,0
DA:188,0
DA:189,0
DA:190,0
DA:191,0
DA:192,0
DA:193,0
DA:194,0
DA:195,0
DA:196,0
DA:199,0
DA:201,0
DA:202,0
DA:203,0
DA:204,0
DA:206,0
DA:207,0
DA:208,0
DA:209,0
DA:211,0
DA:212,0
DA:213,0
DA:214,0
DA:217,0
DA:219,0
DA:220,0
DA:221,0
DA:222,0
DA:223,0
DA:224,0
DA:225,0
DA:226,0
DA:229,0
DA:230,0
DA:231,0
DA:232,0
DA:233,0
DA:234,0
DA:235,0
DA:236,0
DA:238,0
DA:239,0
DA:240,0
DA:241,0
DA:244,0
DA:245,0
DA:246,0
DA:247,0
DA:248,0
DA:249,0
DA:250,0
DA:251,0
DA:252,0
DA:253,0
DA:254,0
DA:257,0
DA:258,0
DA:259,0
DA:260,0
DA:261,0
DA:262,0
DA:263,0
DA:265,0
DA:266,0
DA:267,0
DA:268,0
DA:271,0
DA:272,0
DA:273,0
DA:274,0
DA:275,0
DA:276,0
DA:277,0
DA:278,0
DA:279,0
DA:280,0
LF:203
LH:0
end_of_record
SF:lib/models/club/team.dart
DA:45,0
DA:71,0
DA:72,0
DA:82,0
DA:84,0
DA:86,0
DA:88,0
DA:90,0
DA:92,0
DA:94,0
DA:99,0
DA:101,0
DA:103,0
DA:105,0
DA:107,0
DA:109,0
DA:111,0
DA:118,0
DA:120,0
DA:122,0
DA:124,0
DA:129,0
DA:131,0
DA:133,0
DA:135,0
LF:25
LH:0
end_of_record
SF:lib/models/club/team.g.dart
DA:9,0
DA:10,0
DA:11,0
DA:12,0
DA:13,0
DA:14,0
DA:15,0
DA:16,0
DA:17,0
DA:18,0
DA:19,0
DA:20,0
DA:21,0
DA:22,0
DA:23,0
DA:24,0
DA:25,0
DA:26,0
DA:27,0
DA:28,0
DA:30,0
DA:31,0
DA:32,0
DA:33,0
DA:34,0
DA:35,0
DA:37,0
DA:38,0
DA:39,0
DA:41,0
DA:43,0
DA:44,0
DA:45,0
DA:48,0
DA:49,0
DA:50,0
DA:51,0
DA:52,0
DA:53,0
DA:54,0
DA:55,0
DA:56,0
DA:57,0
DA:58,0
DA:59,0
DA:60,0
DA:61,0
DA:62,0
DA:63,0
DA:64,0
DA:65,0
DA:66,0
DA:67,0
DA:68,0
DA:69,0
DA:70,0
DA:71,0
DA:72,0
DA:73,0
DA:74,0
DA:117,0
DA:118,0
DA:119,0
DA:121,0
DA:122,0
DA:123,0
DA:124,0
DA:126,0
DA:128,0
DA:130,0
DA:131,0
DA:132,0
DA:133,0
DA:134,0
DA:135,0
DA:137,0
DA:138,0
DA:139,0
DA:142,0
DA:143,0
DA:144,0
DA:145,0
DA:146,0
DA:147,0
DA:148,0
DA:149,0
DA:150,0
DA:151,0
DA:152,0
DA:153,0
DA:154,0
DA:155,0
DA:156,0
DA:157,0
LF:94
LH:0
end_of_record
SF:lib/providers/profile_provider.dart
DA:15,3
DA:16,0
DA:17,0
DA:18,0
DA:28,1
DA:30,4
DA:32,1
DA:35,5
DA:36,2
DA:40,2
DA:41,1
DA:44,1
DA:49,1
DA:50,2
DA:55,2
DA:57,0
DA:61,1
DA:62,3
DA:63,2
DA:69,2
DA:70,1
LF:21
LH:17
end_of_record
SF:lib/data/supabase_profile_data_source.dart
DA:17,0
DA:18,0
DA:22,0
DA:24,0
DA:27,0
DA:33,0
DA:34,0
DA:37,0
DA:38,0
DA:39,0
DA:40,0
DA:41,0
DA:44,0
DA:48,0
DA:53,0
DA:55,0
DA:58,0
DA:59,0
DA:60,0
DA:61,0
DA:62,0
DA:65,0
DA:66,0
DA:67,0
DA:68,0
DA:69,0
DA:70,0
DA:72,0
DA:76,0
DA:77,0
DA:80,0
DA:81,0
DA:82,0
DA:83,0
DA:84,0
DA:85,0
DA:86,0
DA:91,0
DA:92,0
DA:94,0
DA:97,0
DA:98,0
DA:99,0
DA:101,0
DA:103,0
DA:105,0
DA:106,0
DA:108,0
DA:109,0
DA:112,0
DA:113,0
LF:51
LH:0
end_of_record
SF:lib/repositories/profile_repository_impl.dart
DA:14,1
DA:24,0
DA:25,0
DA:28,0
DA:29,0
DA:31,0
DA:34,1
DA:37,2
DA:38,2
DA:39,1
DA:41,2
DA:42,1
DA:46,0
DA:53,0
DA:58,0
DA:59,0
DA:61,0
DA:65,0
DA:68,0
DA:69,0
DA:70,0
DA:72,0
DA:76,1
DA:77,1
DA:80,1
DA:81,2
DA:84,4
DA:85,2
LF:28
LH:13
end_of_record
SF:lib/models/annual_planning/morphocycle.dart
DA:38,0
DA:40,0
DA:42,0
DA:44,0
DA:46,0
DA:48,0
DA:50,0
DA:52,0
DA:54,0
DA:56,0
DA:58,0
DA:60,0
DA:62,0
DA:64,0
DA:66,0
DA:68,0
DA:84,1
DA:87,1
DA:94,2
DA:102,1
DA:105,1
DA:106,1
DA:107,1
DA:108,2
DA:109,1
DA:112,2
DA:113,2
DA:114,2
DA:118,0
DA:125,0
DA:128,0
DA:136,0
DA:139,0
DA:140,0
DA:141,0
DA:142,0
DA:143,0
DA:146,0
DA:148,0
DA:149,0
DA:152,1
DA:153,1
DA:154,2
DA:155,2
DA:156,2
DA:157,2
DA:158,3
DA:159,2
DA:160,1
DA:161,0
DA:163,1
DA:164,2
DA:165,2
DA:166,1
DA:168,2
DA:169,1
DA:170,1
DA:171,1
DA:172,2
DA:173,2
DA:174,1
DA:176,2
DA:177,1
DA:179,2
DA:180,3
DA:181,2
DA:182,3
DA:183,0
DA:184,3
DA:185,0
DA:227,4
DA:229,0
DA:230,0
DA:232,0
DA:233,0
DA:235,0
DA:236,0
DA:238,0
DA:241,0
DA:242,0
DA:243,0
DA:244,0
DA:249,1
DA:251,2
DA:252,1
DA:253,1
DA:257,1
DA:258,1
DA:259,2
DA:264,1
DA:265,1
DA:266,0
DA:267,0
DA:272,0
DA:273,0
DA:274,0
DA:275,0
DA:280,0
DA:281,0
DA:282,0
DA:283,0
DA:288,0
DA:289,0
DA:290,0
DA:291,0
DA:296,0
DA:297,0
DA:298,0
DA:299,0
DA:304,0
DA:305,0
DA:309,0
DA:310,0
DA:312,0
DA:313,0
DA:314,0
DA:319,0
DA:320,0
DA:321,0
DA:322,0
DA:323,0
DA:324,0
DA:329,0
DA:330,0
DA:331,0
DA:336,0
DA:338,0
DA:339,0
DA:344,1
DA:347,1
DA:350,2
DA:351,0
DA:355,2
DA:356,0
DA:362,1
DA:365,1
DA:367,1
DA:370,1
DA:371,1
DA:372,1
DA:377,0
DA:378,0
DA:383,0
DA:384,0
DA:385,0
DA:386,0
DA:391,0
DA:392,0
DA:397,0
DA:398,0
DA:406,1
DA:408,1
DA:411,1
DA:412,1
DA:413,1
DA:418,0
DA:419,0
DA:424,0
DA:425,0
DA:430,0
DA:431,0
DA:436,0
DA:437,0
DA:442,0
DA:443,0
DA:451,0
DA:456,0
DA:459,0
DA:460,0
DA:468,3
DA:469,3
DA:470,5
DA:472,0
DA:474,0
DA:475,0
DA:476,0
DA:481,0
DA:483,0
DA:485,0
DA:487,0
DA:489,0
DA:491,0
DA:499,0
DA:501,0
DA:503,0
DA:505,0
DA:507,0
DA:509,0
DA:517,2
DA:518,1
DA:519,1
DA:520,1
DA:521,1
DA:522,1
DA:523,1
DA:524,1
DA:525,1
DA:526,1
DA:527,1
DA:528,1
DA:529,1
DA:530,1
DA:531,1
DA:532,1
DA:533,1
DA:534,2
DA:535,2
DA:541,0
DA:543,0
DA:544,0
DA:547,0
DA:548,0
DA:549,0
LF:213
LH:86
end_of_record
SF:lib/models/annual_planning/week_schedule.dart
DA:5,0
DA:22,0
DA:24,0
DA:26,0
DA:41,0
DA:46,0
DA:65,0
DA:66,0
DA:68,0
DA:70,0
DA:74,0
DA:75,0
DA:76,0
DA:82,0
DA:83,0
DA:85,0
DA:86,0
DA:88,0
DA:90,0
DA:92,0
DA:94,0
DA:101,0
DA:118,0
DA:119,0
DA:121,0
DA:123,0
DA:126,0
DA:132,0
DA:134,0
DA:136,0
DA:138,0
DA:140,0
LF:32
LH:0
end_of_record
SF:lib/services/supabase_extensions.dart
DA:14,1
DA:15,1
DA:17,1
DA:21,3
DA:26,0
DA:30,0
DA:32,0
DA:34,0
LF:8
LH:4
end_of_record
SF:lib/screens/players/players_screen.dart
DA:19,1
DA:21,1
DA:22,1
DA:31,1
DA:33,1
DA:34,5
DA:37,0
DA:38,0
DA:40,0
DA:42,0
DA:44,0
DA:46,0
DA:47,0
DA:51,0
DA:52,0
DA:53,0
DA:54,0
DA:55,0
DA:57,0
DA:58,0
DA:62,0
DA:65,0
DA:66,0
DA:67,0
DA:76,0
DA:77,0
DA:82,0
DA:83,0
DA:85,0
DA:86,0
DA:95,0
DA:97,0
DA:99,0
DA:107,0
DA:108,0
DA:110,0
DA:112,0
DA:120,1
DA:122,3
DA:123,4
DA:124,4
DA:126,1
DA:127,1
DA:129,1
DA:131,1
DA:134,1
DA:137,1
DA:140,0
DA:142,0
DA:143,0
DA:144,0
DA:145,0
DA:146,0
DA:147,0
DA:150,0
DA:178,1
DA:180,0
DA:184,1
DA:185,1
DA:187,1
DA:188,1
DA:189,1
DA:190,1
DA:191,1
DA:193,1
DA:194,1
DA:197,1
DA:198,1
DA:202,0
DA:203,0
DA:204,0
DA:209,0
DA:211,0
DA:212,0
DA:213,0
DA:214,0
DA:216,0
DA:217,0
DA:221,0
DA:223,0
DA:224,0
DA:226,0
DA:230,0
DA:231,0
DA:232,0
DA:243,1
DA:246,1
DA:248,1
DA:249,1
DA:251,1
DA:252,0
DA:253,0
DA:254,0
DA:259,1
DA:260,2
DA:262,1
DA:263,2
DA:264,2
DA:265,0
DA:266,0
DA:267,0
DA:276,1
DA:278,1
DA:279,1
DA:280,1
DA:281,2
DA:283,4
DA:284,2
DA:285,0
DA:286,0
DA:287,1
DA:288,0
DA:290,1
DA:292,1
DA:293,0
DA:294,0
DA:296,0
DA:297,0
DA:300,0
DA:303,0
DA:305,0
DA:308,0
DA:309,0
DA:318,1
DA:319,0
DA:320,0
DA:323,0
DA:332,0
DA:333,0
DA:334,0
DA:335,0
DA:337,0
DA:341,1
DA:342,1
DA:343,1
DA:344,1
DA:345,1
DA:346,1
DA:348,1
DA:350,0
DA:351,0
DA:358,1
DA:359,0
DA:360,0
DA:362,0
DA:369,0
DA:371,0
DA:374,0
DA:376,0
DA:377,0
DA:389,1
DA:390,0
DA:396,1
DA:398,1
DA:400,1
DA:402,1
DA:404,1
DA:411,1
DA:415,1
DA:416,1
DA:417,1
DA:418,1
DA:419,1
DA:420,1
DA:422,1
DA:423,1
DA:424,1
DA:426,3
DA:427,1
DA:428,3
DA:437,1
DA:438,1
DA:440,1
DA:441,1
DA:442,5
DA:444,4
DA:449,1
DA:450,3
DA:451,3
DA:454,1
DA:455,1
DA:456,1
DA:459,1
DA:462,1
DA:463,3
DA:464,3
DA:467,1
DA:470,1
DA:473,1
DA:474,3
DA:475,3
DA:482,2
DA:489,1
DA:491,1
DA:493,1
DA:495,1
DA:497,1
LF:197
LH:103
end_of_record
SF:lib/providers/export_service_provider.dart
DA:10,0
DA:11,0
DA:12,0
DA:13,0
DA:14,0
LF:5
LH:0
end_of_record
SF:lib/services/export_service.dart
DA:20,0
DA:73,0
DA:74,0
DA:75,0
DA:76,0
DA:77,0
DA:78,0
DA:80,0
DA:81,0
DA:83,0
DA:85,0
DA:91,0
DA:92,0
DA:93,0
DA:103,0
DA:105,0
DA:106,0
DA:107,0
DA:108,0
DA:110,0
DA:113,0
DA:114,0
DA:115,0
DA:116,0
DA:117,0
DA:118,0
DA:119,0
DA:120,0
DA:121,0
DA:123,0
DA:125,0
DA:126,0
DA:127,0
DA:134,0
DA:138,0
DA:139,0
DA:140,0
DA:141,0
DA:142,0
DA:143,0
DA:144,0
DA:145,0
DA:146,0
DA:147,0
DA:148,0
DA:149,0
DA:150,0
DA:151,0
DA:152,0
DA:153,0
DA:154,0
DA:158,0
DA:159,0
DA:160,0
DA:161,0
DA:164,0
DA:165,0
DA:166,0
DA:167,0
DA:168,0
DA:169,0
DA:170,0
DA:171,0
DA:172,0
DA:173,0
DA:175,0
DA:176,0
DA:177,0
DA:178,0
DA:179,0
DA:183,0
DA:187,0
DA:188,0
DA:189,0
DA:190,0
DA:191,0
DA:192,0
DA:194,0
DA:195,0
DA:197,0
DA:199,0
DA:205,0
DA:206,0
DA:207,0
DA:216,0
DA:218,0
DA:219,0
DA:220,0
DA:222,0
DA:224,0
DA:225,0
DA:226,0
DA:227,0
DA:228,0
DA:229,0
DA:230,0
DA:231,0
DA:233,0
DA:235,0
DA:236,0
DA:237,0
DA:244,0
DA:248,0
DA:249,0
DA:250,0
DA:251,0
DA:252,0
DA:253,0
DA:254,0
DA:257,0
DA:258,0
DA:259,0
DA:261,0
DA:264,0
DA:265,0
DA:266,0
DA:267,0
DA:268,0
DA:269,0
DA:272,0
DA:273,0
DA:275,0
DA:277,0
DA:279,0
DA:281,0
DA:284,0
DA:287,0
DA:292,0
DA:293,0
DA:294,0
DA:295,0
DA:296,0
DA:297,0
DA:299,0
DA:303,0
DA:305,0
DA:306,0
DA:308,0
DA:318,0
DA:320,0
DA:322,0
DA:324,0
DA:335,0
DA:337,0
DA:339,0
DA:341,0
DA:343,0
DA:348,0
DA:350,0
DA:352,0
DA:354,0
DA:359,0
DA:361,0
DA:363,0
DA:365,0
DA:367,0
DA:372,0
DA:374,0
DA:376,0
DA:378,0
DA:380,0
DA:382,0
DA:387,0
DA:389,0
DA:391,0
DA:393,0
DA:395,0
DA:397,0
DA:402,0
DA:404,0
DA:406,0
DA:408,0
DA:410,0
DA:415,0
DA:417,0
DA:419,0
DA:421,0
LF:177
LH:0
end_of_record
SF:lib/services/import_service.dart
DA:17,1
DA:22,0
DA:25,0
DA:27,0
DA:31,0
DA:32,0
DA:38,0
DA:39,0
DA:42,0
DA:46,0
DA:47,0
DA:49,0
DA:52,0
DA:56,0
DA:58,0
DA:59,0
DA:61,0
DA:62,0
DA:66,0
DA:67,0
DA:69,0
DA:71,0
DA:76,0
DA:78,0
DA:81,0
DA:82,0
DA:84,0
DA:85,0
DA:90,0
DA:91,0
DA:92,0
DA:94,0
DA:96,0
DA:98,0
DA:103,0
DA:106,0
DA:108,0
DA:110,0
DA:113,0
DA:114,0
DA:115,0
DA:119,0
DA:120,0
DA:121,0
DA:122,0
DA:123,0
DA:124,0
DA:125,0
DA:126,0
DA:127,0
DA:130,0
DA:131,0
DA:132,0
DA:133,0
DA:134,0
DA:139,0
DA:140,0
DA:142,0
DA:143,0
DA:147,0
DA:148,0
DA:150,0
DA:157,0
DA:160,0
DA:162,0
DA:164,0
DA:171,0
DA:173,0
DA:177,0
DA:178,0
DA:180,0
DA:181,0
DA:182,0
DA:183,0
DA:185,0
DA:186,0
DA:187,0
DA:188,0
DA:190,0
DA:191,0
DA:192,0
DA:193,0
DA:195,0
DA:196,0
DA:197,0
DA:198,0
DA:205,0
DA:206,0
DA:208,0
DA:216,0
DA:217,0
DA:218,0
DA:221,0
DA:235,0
DA:236,0
DA:237,0
DA:238,0
DA:243,0
DA:256,0
DA:257,0
DA:258,0
DA:259,0
DA:264,0
DA:266,0
DA:268,0
DA:277,0
LF:106
LH:1
end_of_record
SF:lib/utils/colors.dart
DA:7,1
DA:9,1
DA:11,1
DA:13,1
DA:15,1
LF:5
LH:5
end_of_record
SF:lib/controllers/heat_map_controller.dart
DA:8,1
DA:19,0
DA:22,0
DA:25,0
DA:26,0
DA:27,0
DA:28,0
DA:29,0
DA:30,0
DA:31,0
DA:33,0
DA:35,0
DA:40,2
DA:41,1
LF:14
LH:3
end_of_record
SF:lib/models/action_event.dart
DA:2,2
DA:11,0
DA:12,0
DA:13,0
DA:14,0
DA:15,0
DA:16,0
DA:17,0
DA:18,0
DA:20,0
DA:30,0
DA:31,0
DA:32,0
DA:33,0
DA:34,0
DA:35,0
DA:36,0
LF:17
LH:1
end_of_record
SF:lib/screens/analytics/widgets/heat_map_card.dart
DA:12,1
DA:14,1
DA:15,1
DA:22,1
DA:24,3
DA:25,1
DA:26,1
DA:28,1
DA:30,1
DA:31,1
DA:32,1
DA:35,4
DA:37,1
DA:39,1
DA:43,1
DA:45,1
DA:48,1
DA:49,1
DA:50,1
DA:51,1
DA:63,2
DA:64,1
DA:65,1
DA:67,3
DA:68,1
DA:71,5
DA:72,1
DA:75,2
DA:76,1
DA:77,0
DA:79,0
DA:80,0
DA:83,5
DA:84,1
DA:87,1
DA:88,1
DA:89,1
DA:90,2
DA:91,2
DA:93,1
DA:95,0
DA:96,0
DA:98,0
DA:100,0
DA:101,0
DA:103,0
DA:106,5
DA:113,1
DA:114,1
DA:115,1
DA:116,1
LF:51
LH:42
end_of_record
SF:lib/providers/analytics_repository_provider.dart
DA:6,0
DA:7,0
LF:2
LH:0
end_of_record
SF:lib/repositories/analytics_repository_impl.dart
DA:6,0
LF:1
LH:0
end_of_record
SF:lib/utils/heatmap_utils.dart
DA:4,2
DA:9,6
DA:10,4
DA:11,8
DA:12,8
DA:13,6
LF:6
LH:6
end_of_record
SF:lib/widgets/async_value_widget.dart
DA:5,1
DA:10,1
DA:12,2
DA:13,1
DA:14,0
DA:15,1
LF:6
LH:5
end_of_record
SF:lib/widgets/analytics/heat_map_painter.dart
DA:4,1
DA:8,1
DA:10,2
DA:11,4
DA:12,5
DA:13,6
DA:14,4
DA:15,5
DA:16,3
DA:17,1
DA:18,1
DA:19,2
DA:20,3
DA:21,1
DA:26,1
DA:27,3
LF:16
LH:16
end_of_record
SF:lib/models/formation_template.dart
DA:10,0
DA:11,0
DA:12,0
DA:13,0
DA:14,0
DA:15,0
DA:16,0
DA:17,0
DA:18,0
DA:19,0
DA:23,0
DA:29,0
DA:30,0
DA:31,0
DA:32,0
DA:33,0
DA:34,0
DA:35,0
DA:36,0
DA:59,0
DA:63,0
DA:64,0
DA:77,0
DA:78,0
DA:91,0
DA:92,0
DA:105,0
DA:106,0
DA:119,0
DA:120,0
DA:133,0
DA:134,0
LF:32
LH:0
end_of_record
SF:lib/providers/formation_templates_provider.dart
DA:9,2
DA:10,1
DA:11,0
DA:14,0
DA:17,0
DA:18,0
DA:19,0
LF:7
LH:2
end_of_record
SF:lib/screens/matches/lineup_builder/lineup_builder_controller.dart
DA:16,1
DA:17,1
DA:41,0
DA:42,0
DA:43,0
DA:44,0
DA:45,0
DA:48,0
DA:49,0
DA:50,0
DA:51,0
DA:52,0
DA:53,0
DA:54,0
DA:55,0
DA:57,0
DA:60,0
DA:61,0
DA:62,0
DA:65,0
DA:66,0
DA:67,0
DA:70,0
DA:74,0
DA:75,0
DA:76,0
DA:80,1
DA:81,2
DA:97,1
DA:98,2
DA:99,1
DA:102,0
DA:103,0
DA:104,0
DA:107,0
DA:108,0
DA:109,0
DA:110,0
DA:115,1
DA:117,2
DA:118,3
DA:120,6
DA:122,2
DA:123,1
DA:126,1
DA:127,2
DA:129,2
DA:130,2
DA:131,1
DA:135,0
DA:136,0
DA:137,0
DA:142,2
DA:143,2
DA:144,1
LF:55
LH:21
end_of_record
SF:lib/hive/hive_formation_template_cache.dart
DA:7,0
DA:8,0
DA:20,0
DA:21,0
DA:22,0
DA:23,0
DA:25,0
DA:27,0
DA:28,0
DA:31,0
DA:32,0
DA:36,0
DA:37,0
DA:38,0
DA:39,0
DA:40,0
DA:41,0
DA:42,0
DA:43,0
DA:44,0
DA:45,0
DA:46,0
DA:49,0
DA:50,0
DA:51,0
DA:52,0
DA:53,0
DA:54,0
DA:55,0
DA:56,0
DA:58,0
DA:59,0
DA:60,0
DA:61,0
DA:62,0
DA:63,0
DA:64,0
DA:65,0
DA:66,0
DA:67,0
DA:68,0
LF:41
LH:0
end_of_record
SF:lib/repositories/local_formation_template_repository.dart
DA:8,0
DA:9,0
DA:13,0
DA:16,0
DA:17,0
DA:19,0
DA:23,0
DA:26,0
DA:27,0
DA:28,0
DA:31,0
DA:35,0
DA:38,0
DA:39,0
DA:40,0
DA:43,0
LF:16
LH:0
end_of_record
SF:lib/widgets/common/tactical_drawing_canvas.dart
DA:10,0
DA:25,0
DA:41,0
DA:42,0
DA:49,0
DA:50,0
DA:51,0
DA:52,0
DA:53,0
DA:54,0
DA:55,0
DA:56,0
DA:57,0
DA:58,0
DA:59,0
DA:60,0
DA:61,0
DA:62,0
DA:63,0
DA:64,0
DA:65,0
DA:66,0
DA:74,0
DA:75,0
DA:77,0
DA:78,0
DA:79,0
DA:83,0
DA:84,0
DA:86,0
DA:87,0
DA:91,0
DA:92,0
DA:94,0
DA:97,0
DA:98,0
DA:100,0
DA:101,0
DA:102,0
DA:103,0
DA:104,0
DA:106,0
DA:108,0
DA:110,0
DA:113,0
DA:116,0
DA:117,0
DA:121,0
DA:122,0
DA:126,0
DA:127,0
DA:129,0
DA:131,0
DA:132,0
DA:135,0
DA:136,0
DA:137,0
DA:138,0
DA:142,0
DA:143,0
DA:145,0
DA:146,0
DA:147,0
DA:151,0
DA:152,0
DA:153,0
DA:154,0
DA:156,0
DA:159,0
DA:160,0
DA:161,0
DA:163,0
DA:164,0
DA:168,0
DA:169,0
DA:171,0
DA:174,0
DA:175,0
DA:176,0
DA:184,0
DA:187,0
DA:188,0
DA:189,0
DA:190,0
DA:191,0
DA:194,0
DA:196,0
DA:199,0
DA:200,0
DA:203,0
DA:204,0
DA:205,0
DA:206,0
DA:207,0
DA:215,0
DA:228,0
DA:231,0
DA:232,0
DA:236,0
DA:237,0
DA:238,0
DA:239,0
DA:240,0
DA:242,0
DA:284,0
DA:285,0
DA:286,0
DA:287,0
DA:288,0
DA:289,0
DA:291,0
DA:292,0
DA:293,0
DA:294,0
DA:295,0
DA:296,0
DA:297,0
DA:298,0
DA:299,0
DA:300,0
DA:305,0
DA:306,0
DA:308,0
DA:309,0
DA:312,0
DA:313,0
DA:315,0
DA:316,0
DA:322,0
DA:323,0
DA:324,0
DA:326,0
DA:327,0
DA:329,0
DA:331,0
DA:333,0
DA:335,0
DA:336,0
DA:337,0
DA:338,0
DA:339,0
DA:341,0
DA:343,0
DA:344,0
DA:347,0
DA:348,0
DA:350,0
DA:351,0
DA:354,0
DA:355,0
DA:357,0
DA:358,0
DA:363,0
DA:365,0
DA:366,0
DA:367,0
DA:370,0
LF:157
LH:0
end_of_record
SF:lib/utils/validators/training_validators.dart
DA:7,1
DA:8,1
DA:11,1
DA:15,2
DA:22,1
DA:24,1
DA:30,1
DA:35,2
DA:36,1
LF:9
LH:9
end_of_record
SF:lib/widgets/common/main_scaffold.dart
DA:14,0
DA:17,0
DA:19,0
DA:20,0
DA:21,0
DA:22,0
DA:23,0
DA:24,0
DA:28,0
DA:29,0
DA:30,0
DA:31,0
DA:32,0
DA:33,0
DA:35,0
DA:37,0
DA:38,0
DA:39,0
DA:42,0
DA:45,0
DA:47,0
DA:56,0
DA:57,0
DA:62,0
DA:63,0
DA:64,0
DA:65,0
DA:66,0
DA:69,0
DA:71,0
DA:72,0
DA:75,0
DA:78,0
DA:80,0
DA:82,0
DA:92,0
DA:94,0
DA:96,0
DA:98,0
DA:99,0
DA:100,0
DA:101,0
DA:102,0
DA:103,0
DA:105,0
DA:107,0
DA:109,0
DA:110,0
DA:111,0
DA:114,0
DA:115,0
DA:117,0
DA:118,0
DA:126,0
DA:127,0
DA:130,0
DA:132,0
DA:135,0
DA:137,0
DA:140,0
DA:142,0
DA:145,0
DA:147,0
DA:150,0
DA:152,0
DA:155,0
DA:160,0
DA:166,0
DA:167,0
DA:168,0
DA:169,0
DA:170,0
DA:171,0
DA:172,0
DA:175,0
DA:177,0
DA:180,0
DA:182,0
DA:185,0
DA:187,0
DA:190,0
DA:192,0
DA:195,0
DA:197,0
DA:200,0
DA:208,0
DA:209,0
DA:214,1
DA:215,1
DA:216,1
DA:217,1
DA:220,1
DA:221,1
DA:222,1
DA:223,1
DA:224,1
DA:225,1
DA:228,1
DA:229,1
DA:232,1
DA:233,1
DA:234,1
DA:235,1
DA:241,0
DA:243,0
DA:244,0
DA:245,0
DA:246,0
DA:247,0
DA:248,0
DA:249,0
DA:250,0
DA:251,0
DA:252,0
DA:253,0
DA:254,0
DA:258,0
DA:262,0
DA:263,0
LF:119
LH:16
end_of_record
SF:lib/widgets/organization/organization_badge.dart
DA:12,1
DA:14,0
DA:16,0
DA:22,0
DA:24,0
DA:25,0
DA:26,0
DA:27,0
DA:28,0
DA:31,0
DA:33,0
DA:34,0
DA:35,0
DA:37,0
DA:40,0
DA:41,0
DA:42,0
DA:45,0
DA:49,0
DA:50,0
DA:51,0
DA:53,0
DA:61,0
DA:63,0
DA:65,0
DA:67,0
DA:72,0
DA:74,0
DA:76,0
DA:78,0
LF:30
LH:1
end_of_record
